#
# A fatal error has been detected by the Java Runtime Environment:
#
#  EXCEPTION_ACCESS_VIOLATION (0xc0000005) at pc=0x00007fffd3c4e1a8, pid=21424, tid=9456
#
# JRE version: Java(TM) SE Runtime Environment (17.0+35) (build 17+35-LTS-2724)
# Java VM: Java HotSpot(TM) 64-Bit Server VM (17+35-LTS-2724, mixed mode, sharing, tiered, compressed oops, compressed class ptrs, g1 gc, windows-amd64)
# Problematic frame:
# C  0x00007fffd3c4e1a8  JPypeException::convertPythonToJava+0x158
#
# No core dump will be written. Minidumps are not enabled by default on client versions of Windows
#
# If you would like to submit a bug report, please visit:
#   https://bugreport.java.com/bugreport/crash.jsp
# The crash happened outside the Java Virtual Machine in native code.
# See problematic frame for where to report the bug.
#

---------------  S U M M A R Y ------------

Command Line: -Dfile.encoding=UTF8 -ea -Xmx1024m 

Host: AMD Ryzen 9 5900X 12-Core Processor            , 24 cores, 63G,  Windows 10 , 64 bit Build 19041 (10.0.19041.1348)
Time: Thu Nov 25 10:12:50 2021 대한민국 표준시 elapsed time: 459.609421 seconds (0d 0h 7m 39s)

---------------  T H R E A D  ---------------

Current thread (0x000001dfc39c6160):  JavaThread "main" [_thread_in_native, id=9456, stack(0x000000b54f400000,0x000000b54f5f0000)]

Stack: [0x000000b54f400000,0x000000b54f5f0000],  sp=0x000000b54f5dcc70,  free space=1907k
Native frames: (J=compiled Java code, j=interpreted, Vv=VM code, C=native code)
C  0x00007fffd3c4e1a8  JPypeException::convertPythonToJava+0x158  (jp_exception.cpp:266)
C  0x00007fffd3c4d59a  JPypeException::toJava+0x1fa  (jp_exception.cpp:432)
C  0x00007fffd3c7fae9  `JPTypeFactory_rethrow'::`1'::catch$0+0x1d  (jp_typefactory.cpp:50)
C  [VCRUNTIME140.dll+0x1030]
C  [VCRUNTIME140.dll+0x4608]
C  [ntdll.dll+0xa1456]
C  0x00007fffd3c62b7b  JPTypeFactory_rethrow+0x1b  (jp_typefactory.cpp:47)
C  0x00007fffd3c7fabd  `JPTypeFactory_newWrapper'::`1'::catch$4+0x16  (jp_typefactory.cpp:97)
C  [VCRUNTIME140.dll+0x1030]
C  [VCRUNTIME140.dll+0x4608]
C  [ntdll.dll+0xa1456]
C  0x00007fffd3c62b12  JPTypeFactory_newWrapper+0x72  (jp_typefactory.cpp:97)
C  0x000001dffffdd621

Java frames: (J=compiled Java code, j=interpreted, Vv=VM code)
j  org.jpype.manager.TypeFactoryNative.newWrapper(JJ)V+0
j  org.jpype.JPypeContext.newWrapper(J)V+16
v  ~StubRoutines::call_stub

siginfo: EXCEPTION_ACCESS_VIOLATION (0xc0000005), writing address 0x0000000000000000


Register to memory mapping:

RIP=0x00007fffd3c4e1a8 points into unknown readable memory: 0xddfe0d8d4c03ff48 | 48 ff 03 4c 8d 0d fe dd
RAX=0x0 is NULL
RBX=0x0 is NULL
RCX=0x000001df93c27050 points into unknown readable memory: 0x000001df9386e030 | 30 e0 86 93 df 01 00 00
RDX=0x000001dfc39c63e8 points into unknown readable memory: 0x000000b54f5e1390 | 90 13 5e 4f b5 00 00 00
RSP=0x000000b54f5dcc70 is pointing into the stack for thread: 0x000001dfc39c6160
RBP=0x000000b54f5def70 is pointing into the stack for thread: 0x000001dfc39c6160
RSI=0x000001df9386e030 points into unknown readable memory: 0x00007fffd3c95d58 | 58 5d c9 d3 ff 7f 00 00
RDI=0x00007fffd4081b50 python38.dll
R8 =0x0 is NULL
R9 =0x0000000000000002 is an unknown value
R10=0x000001dfc394c940 points into unknown readable memory: 0x0000040000000001 | 01 00 00 00 00 04 00 00
R11=0x000000b54f5dcc60 is pointing into the stack for thread: 0x000001dfc39c6160
R12=0x000000b54f5dce70 is pointing into the stack for thread: 0x000001dfc39c6160
R13=0x000000b54f5e0880 is pointing into the stack for thread: 0x000001dfc39c6160
R14=0x000001df92f918f0 points into unknown readable memory: 0x00000000cf56c8a8 | a8 c8 56 cf 00 00 00 00
R15=0x0 is NULL


Registers:
RAX=0x0000000000000000, RBX=0x0000000000000000, RCX=0x000001df93c27050, RDX=0x000001dfc39c63e8
RSP=0x000000b54f5dcc70, RBP=0x000000b54f5def70, RSI=0x000001df9386e030, RDI=0x00007fffd4081b50
R8 =0x0000000000000000, R9 =0x0000000000000002, R10=0x000001dfc394c940, R11=0x000000b54f5dcc60
R12=0x000000b54f5dce70, R13=0x000000b54f5e0880, R14=0x000001df92f918f0, R15=0x0000000000000000
RIP=0x00007fffd3c4e1a8, EFLAGS=0x0000000000010246

Top of Stack: (sp=0x000000b54f5dcc70)
0x000000b54f5dcc70:   0000000000000000 0000000000000000
0x000000b54f5dcc80:   000001df9386e030 00007fffd4081b50
0x000000b54f5dcc90:   fffffffffffffffe 00007fffd3d78f05
0x000000b54f5dcca0:   00007fffd4081b50 0000000000000000
0x000000b54f5dccb0:   000001df9386e030 000001dfc39c6408
0x000000b54f5dccc0:   000001df93860100 00007fffd4081b50
0x000000b54f5dccd0:   0000000000000000 000001e01fce4400
0x000000b54f5dcce0:   0000197615948c01 00007fffaf036768
0x000000b54f5dccf0:   000000b54f5ddce8 00007fffd3c4d59a
0x000000b54f5dcd00:   000001dfc39c6408 000001dfc39c6408
0x000000b54f5dcd10:   000001dfd8ef0480 000001df9386e030
0x000000b54f5dcd20:   0000000000000000 000001dfd8ef0480
0x000000b54f5dcd30:   000001df9386e030 000001dfc39c6408
0x000000b54f5dcd40:   0000000000000000 00007ff811cd986b
0x000000b54f5dcd50:   fffffffffffffffe 000000b54f5dd3e0
0x000000b54f5dcd60:   00006fdc5d4cf60a 0000000a656e6f4e 

Instructions: (pc=0x00007fffd3c4e1a8)
0x00007fffd3c4e0a8:   24 60 48 89 5c 24 68 4c 8d 44 24 68 48 8d 54 24
0x00007fffd3c4e0b8:   60 48 8d 4c 24 58 e8 fd 5c 01 00 88 44 24 70 48
0x00007fffd3c4e0c8:   8b 7c 24 58 84 c0 74 78 48 8b cf e8 78 02 02 00
0x00007fffd3c4e0d8:   48 85 c0 74 6b 8b 80 98 00 00 00 48 c1 e8 11 24
0x00007fffd3c4e0e8:   01 74 5d 88 5c 24 70 48 8b 5c 24 60 48 8b cb e8
0x00007fffd3c4e0f8:   84 bc 02 00 48 85 c0 74 4c 48 8d 0c 03 48 83 39
0x00007fffd3c4e108:   00 74 42 e8 70 53 01 00 48 8b 4c 24 48 4c 8b 01
0x00007fffd3c4e118:   48 8b d0 41 ff 50 68 90 48 8d 4c 24 58 e8 e6 63
0x00007fffd3c4e128:   01 00 90 80 7c 24 50 00 75 11 48 8b 4c 24 48 48
0x00007fffd3c4e138:   8b 01 33 d2 ff 90 a0 00 00 00 90 e9 ac 00 00 00
0x00007fffd3c4e148:   48 8b 5c 24 60 48 89 7c 24 30 48 89 5c 24 38 48
0x00007fffd3c4e158:   8b 4c 24 48 48 8b 01 4c 8d 4c 24 30 4c 8b 86 80
0x00007fffd3c4e168:   01 00 00 48 8b 96 e8 00 00 00 ff 90 20 01 00 00
0x00007fffd3c4e178:   4c 8b f0 48 8d 4c 24 40 e8 9b 5b 00 00 48 8b 8e
0x00007fffd3c4e188:   08 01 00 00 48 ff 07 4c 8d 0d 1a de 00 00 4c 8b
0x00007fffd3c4e198:   c7 49 8b d6 e8 ef db 00 00 48 8b 8e 08 01 00 00
0x00007fffd3c4e1a8:   48 ff 03 4c 8d 0d fe dd 00 00 4c 8b c3 49 8b d6
0x00007fffd3c4e1b8:   e8 d3 db 00 00 c6 44 24 70 00 48 8b 4c 24 48 48
0x00007fffd3c4e1c8:   8b 01 49 8b d6 ff 50 68 90 48 8d 4c 24 58 e8 35
0x00007fffd3c4e1d8:   63 01 00 90 80 7c 24 50 00 75 11 48 8b 4c 24 48
0x00007fffd3c4e1e8:   48 8b 01 33 d2 ff 90 a0 00 00 00 90 4c 8d 9c 24
0x00007fffd3c4e1f8:   80 00 00 00 49 8b 5b 18 49 8b 73 20 49 8b 7b 28
0x00007fffd3c4e208:   49 8b e3 41 5e c3 cc cc cc cc cc cc cc cc cc cc
0x00007fffd3c4e218:   cc cc cc cc cc cc cc cc 48 8b c4 57 48 81 ec 00
0x00007fffd3c4e228:   01 00 00 48 c7 40 a8 fe ff ff ff 48 89 58 10 48
0x00007fffd3c4e238:   89 70 18 48 8b 05 ce 8d 06 00 48 33 c4 48 89 84
0x00007fffd3c4e248:   24 f0 00 00 00 48 8b f9 48 8b 09 48 85 c9 75 1c
0x00007fffd3c4e258:   48 8d 15 a1 96 03 00 48 8b 0d 8a 64 03 00 48 8b
0x00007fffd3c4e268:   09 ff 15 29 65 03 00 e9 16 07 00 00 e8 e7 be ff
0x00007fffd3c4e278:   ff 48 8b c8 48 8b 07 48 89 44 24 30 48 89 4c 24
0x00007fffd3c4e288:   38 66 c7 44 24 40 00 00 48 85 c9 75 10 48 8b c8
0x00007fffd3c4e298:   e8 c3 be ff ff 48 8b c8 48 89 44 24 38 48 8b 01 


Stack slot to memory mapping:
stack at sp + 0 slots: 0x0 is NULL
stack at sp + 1 slots: 0x0 is NULL
stack at sp + 2 slots: 0x000001df9386e030 points into unknown readable memory: 0x00007fffd3c95d58 | 58 5d c9 d3 ff 7f 00 00
stack at sp + 3 slots: 0x00007fffd4081b50 python38.dll
stack at sp + 4 slots: 0xfffffffffffffffe is an unknown value
stack at sp + 5 slots: 0x00007fffd3d78f05 python38.dll
stack at sp + 6 slots: 0x00007fffd4081b50 python38.dll
stack at sp + 7 slots: 0x0 is NULL


---------------  P R O C E S S  ---------------

Threads class SMR info:
_java_thread_list=0x000001dfddbbf370, length=13, elements={
0x000001dfc39c6160, 0x000001dfc39c6fd0, 0x000001dfc39c74a0, 0x000001dfc39cae60,
0x000001dfc39c8cb0, 0x000001dfc39cb800, 0x000001dfc39c4950, 0x000001df932e42d0,
0x000001df932dfbf0, 0x000001df932e1a50, 0x000001dfc39cb330, 0x000001dfc39ca4c0,
0x000001dfc39c9ff0
}

Java Threads: ( => current thread )
=>0x000001dfc39c6160 JavaThread "main" [_thread_in_native, id=9456, stack(0x000000b54f400000,0x000000b54f5f0000)]
  0x000001dfc39c6fd0 JavaThread "Reference Handler" daemon [_thread_blocked, id=21572, stack(0x000000b556080000,0x000000b556270000)]
  0x000001dfc39c74a0 JavaThread "Finalizer" daemon [_thread_blocked, id=4792, stack(0x000000b556270000,0x000000b556460000)]
  0x000001dfc39cae60 JavaThread "Signal Dispatcher" daemon [_thread_blocked, id=7196, stack(0x000000b556460000,0x000000b556650000)]
  0x000001dfc39c8cb0 JavaThread "Attach Listener" daemon [_thread_blocked, id=7592, stack(0x000000b556650000,0x000000b556840000)]
  0x000001dfc39cb800 JavaThread "Service Thread" daemon [_thread_blocked, id=20384, stack(0x000000b556840000,0x000000b556a30000)]
  0x000001dfc39c4950 JavaThread "Monitor Deflation Thread" daemon [_thread_blocked, id=21432, stack(0x000000b556a30000,0x000000b556c20000)]
  0x000001df932e42d0 JavaThread "C2 CompilerThread0" daemon [_thread_blocked, id=10612, stack(0x000000b556c20000,0x000000b556e10000)]
  0x000001df932dfbf0 JavaThread "C1 CompilerThread0" daemon [_thread_blocked, id=23440, stack(0x000000b556e10000,0x000000b557000000)]
  0x000001df932e1a50 JavaThread "Sweeper thread" daemon [_thread_blocked, id=2116, stack(0x000000b557000000,0x000000b5571f0000)]
  0x000001dfc39cb330 JavaThread "Notification Thread" daemon [_thread_blocked, id=12200, stack(0x000000b5575d0000,0x000000b5577c0000)]
  0x000001dfc39ca4c0 JavaThread "Common-Cleaner" daemon [_thread_blocked, id=13556, stack(0x000000b5579b0000,0x000000b557ba0000)]
  0x000001dfc39c9ff0 JavaThread "Python Reference Queue" daemon [_thread_blocked, id=7856, stack(0x000000b557f80000,0x000000b558170000)]

Other Threads:
  0x000001df90beb5e0 VMThread "VM Thread" [stack: 0x000000b555e90000,0x000000b556080000] [id=1240]
  0x000001dfc402e8a0 WatcherThread [stack: 0x000000b5577c0000,0x000000b5579b0000] [id=22508]
  0x000001df90bf3580 GCTaskThread "GC Thread#0" [stack: 0x000000b5554e0000,0x000000b5556d0000] [id=21800]
  0x000001df90bf3830 GCTaskThread "GC Thread#1" [stack: 0x000000b558170000,0x000000b558360000] [id=4172]
  0x000001df90bf3ae0 GCTaskThread "GC Thread#2" [stack: 0x000000b558360000,0x000000b558550000] [id=20676]
  0x000001df90bf6080 GCTaskThread "GC Thread#3" [stack: 0x000000b558550000,0x000000b558740000] [id=6852]
  0x000001df90bf6b40 GCTaskThread "GC Thread#4" [stack: 0x000000b558740000,0x000000b558930000] [id=22556]
  0x000001df90bf4db0 GCTaskThread "GC Thread#5" [stack: 0x000000b558930000,0x000000b558b20000] [id=13852]
  0x000001df90bf5870 GCTaskThread "GC Thread#6" [stack: 0x000000b5592e0000,0x000000b5594d0000] [id=18808]
  0x000001df93509140 GCTaskThread "GC Thread#7" [stack: 0x000000b5594d0000,0x000000b5596c0000] [id=15832]
  0x000001df9350b180 GCTaskThread "GC Thread#8" [stack: 0x000000b5596c0000,0x000000b5598b0000] [id=16536]
  0x000001dfd9898b20 GCTaskThread "GC Thread#9" [stack: 0x000000b5598b0000,0x000000b559aa0000] [id=12696]
  0x000001dfd989a600 GCTaskThread "GC Thread#10" [stack: 0x000000b559aa0000,0x000000b559c90000] [id=3752]
  0x000001dfd989b8d0 GCTaskThread "GC Thread#11" [stack: 0x000000b559c90000,0x000000b559e80000] [id=16412]
  0x000001dfd9899080 GCTaskThread "GC Thread#12" [stack: 0x000000b55ae00000,0x000000b55aff0000] [id=12600]
  0x000001dfc3bd55e0 ConcurrentGCThread "G1 Main Marker" [stack: 0x000000b5556d0000,0x000000b5558c0000] [id=5924]
  0x000001df90bf4b00 ConcurrentGCThread "G1 Conc#0" [stack: 0x000000b5558c0000,0x000000b555ab0000] [id=17832]
  0x000001dfd989ab60 ConcurrentGCThread "G1 Conc#1" [stack: 0x000000b5590f0000,0x000000b5592e0000] [id=14972]
  0x000001dfd98995e0 ConcurrentGCThread "G1 Conc#2" [stack: 0x000000b559e80000,0x000000b55a070000] [id=22864]
  0x000001dfd989bb80 ConcurrentGCThread "G1 Conc#3" [stack: 0x000000b55a070000,0x000000b55a260000] [id=22288]
  0x000001dfd989ae10 ConcurrentGCThread "G1 Conc#4" [stack: 0x000000b55a260000,0x000000b55a450000] [id=13900]
  0x000001dfc397bb00 ConcurrentGCThread "G1 Refine#0" [stack: 0x000000b555ab0000,0x000000b555ca0000] [id=7936]
  0x000001dfc397a6e0 ConcurrentGCThread "G1 Refine#1" [stack: 0x000000b55aa20000,0x000000b55ac10000] [id=15220]
  0x000001dfc397a9c0 ConcurrentGCThread "G1 Refine#2" [stack: 0x000000b55ac10000,0x000000b55ae00000] [id=13108]
  0x000001dfc3a0eb70 ConcurrentGCThread "G1 Service" [stack: 0x000000b555ca0000,0x000000b555e90000] [id=22540]

Threads with active compile tasks:

VM state: not at safepoint (normal execution)

VM Mutex/Monitor currently owned by a thread: None

Heap address: 0x00000000c0000000, size: 1024 MB, Compressed Oops mode: 32-bit

CDS archive(s) mapped at: [0x0000000800000000-0x0000000800bc0000-0x0000000800bc0000), size 12320768, SharedBaseAddress: 0x0000000800000000, ArchiveRelocationMode: 0.
Compressed class space mapped at: 0x0000000800c00000-0x0000000840c00000, reserved size: 1073741824
Narrow klass base: 0x0000000800000000, Narrow klass shift: 0, Narrow klass range: 0x100000000

GC Precious Log:
 CPUs: 24 total, 24 available
 Memory: 65439M
 Large Page Support: Disabled
 NUMA Support: Disabled
 Compressed Oops: Enabled (32-bit)
 Heap Region Size: 1M
 Heap Min Capacity: 8M
 Heap Initial Capacity: 1G
 Heap Max Capacity: 1G
 Pre-touch: Disabled
 Parallel Workers: 18
 Concurrent Workers: 5
 Concurrent Refinement Workers: 18
 Periodic GC: Disabled

Heap:
 garbage-first heap   total 256000K, used 84407K [0x00000000c0000000, 0x0000000100000000)
  region size 1024K, 7 young (7168K), 1 survivors (1024K)
 Metaspace       used 10217K, committed 10368K, reserved 1064960K
  class space    used 1517K, committed 1600K, reserved 1048576K

Heap Regions: E=young(eden), S=young(survivor), O=old, HS=humongous(starts), HC=humongous(continues), CS=collection set, F=free, OA=open archive, CA=closed archive, TAMS=top-at-mark-start (previous, next)
|   0|0x00000000c0000000, 0x00000000c00febc8, 0x00000000c0100000| 99%| O|  |TAMS 0x00000000c00febc8, 0x00000000c0000000| Untracked 
|   1|0x00000000c0100000, 0x00000000c01fffe8, 0x00000000c0200000| 99%| O|  |TAMS 0x00000000c01fffe8, 0x00000000c0100000| Untracked 
|   2|0x00000000c0200000, 0x00000000c02fffb0, 0x00000000c0300000| 99%| O|  |TAMS 0x00000000c02fffb0, 0x00000000c0200000| Untracked 
|   3|0x00000000c0300000, 0x00000000c03ffff0, 0x00000000c0400000| 99%| O|  |TAMS 0x00000000c03ffff0, 0x00000000c0300000| Untracked 
|   4|0x00000000c0400000, 0x00000000c04ffff0, 0x00000000c0500000| 99%| O|  |TAMS 0x00000000c04ffff0, 0x00000000c0400000| Untracked 
|   5|0x00000000c0500000, 0x00000000c0600000, 0x00000000c0600000|100%| O|  |TAMS 0x00000000c0600000, 0x00000000c0500000| Untracked 
|   6|0x00000000c0600000, 0x00000000c06ffff0, 0x00000000c0700000| 99%| O|  |TAMS 0x00000000c06ffff0, 0x00000000c0600000| Untracked 
|   7|0x00000000c0700000, 0x00000000c0800000, 0x00000000c0800000|100%| O|  |TAMS 0x00000000c0800000, 0x00000000c0700000| Untracked 
|   8|0x00000000c0800000, 0x00000000c08fb778, 0x00000000c0900000| 98%| O|  |TAMS 0x00000000c08fb778, 0x00000000c0800000| Untracked 
|   9|0x00000000c0900000, 0x00000000c09ffff0, 0x00000000c0a00000| 99%| O|  |TAMS 0x00000000c09ffff0, 0x00000000c0900000| Untracked 
|  10|0x00000000c0a00000, 0x00000000c0b00000, 0x00000000c0b00000|100%| O|  |TAMS 0x00000000c0b00000, 0x00000000c0a00000| Untracked 
|  11|0x00000000c0b00000, 0x00000000c0bffff8, 0x00000000c0c00000| 99%| O|  |TAMS 0x00000000c0bffff8, 0x00000000c0b00000| Untracked 
|  12|0x00000000c0c00000, 0x00000000c0d00000, 0x00000000c0d00000|100%| O|  |TAMS 0x00000000c0d00000, 0x00000000c0c00000| Untracked 
|  13|0x00000000c0d00000, 0x00000000c0e00000, 0x00000000c0e00000|100%|HS|  |TAMS 0x00000000c0e00000, 0x00000000c0d00000| Untracked 
|  14|0x00000000c0e00000, 0x00000000c0f00000, 0x00000000c0f00000|100%|HS|  |TAMS 0x00000000c0f00000, 0x00000000c0e00000| Untracked 
|  15|0x00000000c0f00000, 0x00000000c1000000, 0x00000000c1000000|100%|HS|  |TAMS 0x00000000c1000000, 0x00000000c0f00000| Untracked 
|  16|0x00000000c1000000, 0x00000000c1100000, 0x00000000c1100000|100%|HC|  |TAMS 0x00000000c1100000, 0x00000000c1000000| Untracked 
|  17|0x00000000c1100000, 0x00000000c1200000, 0x00000000c1200000|100%|HS|  |TAMS 0x00000000c1200000, 0x00000000c1100000| Untracked 
|  18|0x00000000c1200000, 0x00000000c1300000, 0x00000000c1300000|100%|HC|  |TAMS 0x00000000c1300000, 0x00000000c1200000| Untracked 
|  19|0x00000000c1300000, 0x00000000c1400000, 0x00000000c1400000|100%| O|  |TAMS 0x00000000c1400000, 0x00000000c1300000| Untracked 
|  20|0x00000000c1400000, 0x00000000c1500000, 0x00000000c1500000|100%| O|  |TAMS 0x00000000c1500000, 0x00000000c1400000| Untracked 
|  21|0x00000000c1500000, 0x00000000c1600000, 0x00000000c1600000|100%| O|  |TAMS 0x00000000c1600000, 0x00000000c1500000| Untracked 
|  22|0x00000000c1600000, 0x00000000c16ffff8, 0x00000000c1700000| 99%| O|  |TAMS 0x00000000c16ffff8, 0x00000000c1600000| Untracked 
|  23|0x00000000c1700000, 0x00000000c17ffff8, 0x00000000c1800000| 99%| O|  |TAMS 0x00000000c17ffff8, 0x00000000c1700000| Untracked 
|  24|0x00000000c1800000, 0x00000000c1900000, 0x00000000c1900000|100%| O|  |TAMS 0x00000000c1900000, 0x00000000c1800000| Untracked 
|  25|0x00000000c1900000, 0x00000000c19ffff8, 0x00000000c1a00000| 99%| O|  |TAMS 0x00000000c19ffff8, 0x00000000c1900000| Untracked 
|  26|0x00000000c1a00000, 0x00000000c1affff8, 0x00000000c1b00000| 99%| O|  |TAMS 0x00000000c1affff8, 0x00000000c1a00000| Untracked 
|  27|0x00000000c1b00000, 0x00000000c1c00000, 0x00000000c1c00000|100%|HS|  |TAMS 0x00000000c1c00000, 0x00000000c1b00000| Untracked 
|  28|0x00000000c1c00000, 0x00000000c1d00000, 0x00000000c1d00000|100%|HC|  |TAMS 0x00000000c1d00000, 0x00000000c1c00000| Untracked 
|  29|0x00000000c1d00000, 0x00000000c1e00000, 0x00000000c1e00000|100%|HS|  |TAMS 0x00000000c1e00000, 0x00000000c1d00000| Untracked 
|  30|0x00000000c1e00000, 0x00000000c1f00000, 0x00000000c1f00000|100%|HC|  |TAMS 0x00000000c1f00000, 0x00000000c1e00000| Untracked 
|  31|0x00000000c1f00000, 0x00000000c1ff6f28, 0x00000000c2000000| 96%| O|  |TAMS 0x00000000c1ff6f28, 0x00000000c1f00000| Untracked 
|  32|0x00000000c2000000, 0x00000000c20f5398, 0x00000000c2100000| 95%| O|  |TAMS 0x00000000c20f5398, 0x00000000c2000000| Untracked 
|  33|0x00000000c2100000, 0x00000000c21ffff8, 0x00000000c2200000| 99%| O|  |TAMS 0x00000000c21ffff8, 0x00000000c2100000| Untracked 
|  34|0x00000000c2200000, 0x00000000c2300000, 0x00000000c2300000|100%| O|  |TAMS 0x00000000c2300000, 0x00000000c2200000| Untracked 
|  35|0x00000000c2300000, 0x00000000c2400000, 0x00000000c2400000|100%|HS|  |TAMS 0x00000000c2400000, 0x00000000c2300000| Untracked 
|  36|0x00000000c2400000, 0x00000000c2500000, 0x00000000c2500000|100%|HC|  |TAMS 0x00000000c2500000, 0x00000000c2400000| Untracked 
|  37|0x00000000c2500000, 0x00000000c2600000, 0x00000000c2600000|100%|HS|  |TAMS 0x00000000c2600000, 0x00000000c2500000| Untracked 
|  38|0x00000000c2600000, 0x00000000c2700000, 0x00000000c2700000|100%|HC|  |TAMS 0x00000000c2700000, 0x00000000c2600000| Untracked 
|  39|0x00000000c2700000, 0x00000000c2800000, 0x00000000c2800000|100%|HS|  |TAMS 0x00000000c2800000, 0x00000000c2700000| Untracked 
|  40|0x00000000c2800000, 0x00000000c28ffff8, 0x00000000c2900000| 99%| O|  |TAMS 0x00000000c28ffff8, 0x00000000c2800000| Untracked 
|  41|0x00000000c2900000, 0x00000000c29ffff0, 0x00000000c2a00000| 99%| O|  |TAMS 0x00000000c29ffff0, 0x00000000c2900000| Untracked 
|  42|0x00000000c2a00000, 0x00000000c2b00000, 0x00000000c2b00000|100%| O|  |TAMS 0x00000000c2b00000, 0x00000000c2a00000| Untracked 
|  43|0x00000000c2b00000, 0x00000000c2c00000, 0x00000000c2c00000|100%| O|  |TAMS 0x00000000c2c00000, 0x00000000c2b00000| Untracked 
|  44|0x00000000c2c00000, 0x00000000c2d00000, 0x00000000c2d00000|100%| O|  |TAMS 0x00000000c2d00000, 0x00000000c2c00000| Untracked 
|  45|0x00000000c2d00000, 0x00000000c2dffff0, 0x00000000c2e00000| 99%| O|  |TAMS 0x00000000c2dffff0, 0x00000000c2d00000| Untracked 
|  46|0x00000000c2e00000, 0x00000000c2effff0, 0x00000000c2f00000| 99%| O|  |TAMS 0x00000000c2effff0, 0x00000000c2e00000| Untracked 
|  47|0x00000000c2f00000, 0x00000000c2fffff8, 0x00000000c3000000| 99%| O|  |TAMS 0x00000000c2fffff8, 0x00000000c2f00000| Untracked 
|  48|0x00000000c3000000, 0x00000000c30fffe8, 0x00000000c3100000| 99%| O|  |TAMS 0x00000000c30fffe8, 0x00000000c3000000| Untracked 
|  49|0x00000000c3100000, 0x00000000c3200000, 0x00000000c3200000|100%| O|  |TAMS 0x00000000c3200000, 0x00000000c3100000| Untracked 
|  50|0x00000000c3200000, 0x00000000c32ffff8, 0x00000000c3300000| 99%| O|  |TAMS 0x00000000c32ffff8, 0x00000000c3200000| Untracked 
|  51|0x00000000c3300000, 0x00000000c3400000, 0x00000000c3400000|100%| O|  |TAMS 0x00000000c3400000, 0x00000000c3300000| Untracked 
|  52|0x00000000c3400000, 0x00000000c3500000, 0x00000000c3500000|100%| O|  |TAMS 0x00000000c3500000, 0x00000000c3400000| Untracked 
|  53|0x00000000c3500000, 0x00000000c35ffff8, 0x00000000c3600000| 99%| O|  |TAMS 0x00000000c35ffff8, 0x00000000c3500000| Untracked 
|  54|0x00000000c3600000, 0x00000000c36ffff8, 0x00000000c3700000| 99%| O|  |TAMS 0x00000000c36ffff8, 0x00000000c3600000| Untracked 
|  55|0x00000000c3700000, 0x00000000c37ffff8, 0x00000000c3800000| 99%| O|  |TAMS 0x00000000c37ffff8, 0x00000000c3700000| Untracked 
|  56|0x00000000c3800000, 0x00000000c3900000, 0x00000000c3900000|100%| O|  |TAMS 0x00000000c3900000, 0x00000000c3800000| Untracked 
|  57|0x00000000c3900000, 0x00000000c39ffff8, 0x00000000c3a00000| 99%| O|  |TAMS 0x00000000c39ffff8, 0x00000000c3900000| Untracked 
|  58|0x00000000c3a00000, 0x00000000c3affff0, 0x00000000c3b00000| 99%| O|  |TAMS 0x00000000c3affff0, 0x00000000c3a00000| Untracked 
|  59|0x00000000c3b00000, 0x00000000c3bfffe8, 0x00000000c3c00000| 99%| O|  |TAMS 0x00000000c3bfffe8, 0x00000000c3b00000| Untracked 
|  60|0x00000000c3c00000, 0x00000000c3cfffe8, 0x00000000c3d00000| 99%| O|  |TAMS 0x00000000c3cfffe8, 0x00000000c3c00000| Untracked 
|  61|0x00000000c3d00000, 0x00000000c3dffff0, 0x00000000c3e00000| 99%| O|  |TAMS 0x00000000c3dffff0, 0x00000000c3d00000| Untracked 
|  62|0x00000000c3e00000, 0x00000000c3efffe8, 0x00000000c3f00000| 99%| O|  |TAMS 0x00000000c3efffe8, 0x00000000c3e00000| Untracked 
|  63|0x00000000c3f00000, 0x00000000c4000000, 0x00000000c4000000|100%| O|  |TAMS 0x00000000c4000000, 0x00000000c3f00000| Untracked 
|  64|0x00000000c4000000, 0x00000000c40ffff8, 0x00000000c4100000| 99%| O|  |TAMS 0x00000000c40ffff8, 0x00000000c4000000| Untracked 
|  65|0x00000000c4100000, 0x00000000c41c6fd8, 0x00000000c4200000| 77%| O|  |TAMS 0x00000000c4100000, 0x00000000c4100000| Untracked 
|  66|0x00000000c4200000, 0x00000000c4300000, 0x00000000c4300000|100%| O|  |TAMS 0x00000000c4300000, 0x00000000c4200000| Untracked 
|  67|0x00000000c4300000, 0x00000000c4400000, 0x00000000c4400000|100%| O|  |TAMS 0x00000000c4400000, 0x00000000c4300000| Untracked 
|  68|0x00000000c4400000, 0x00000000c4500000, 0x00000000c4500000|100%| O|  |TAMS 0x00000000c4500000, 0x00000000c4400000| Untracked 
|  69|0x00000000c4500000, 0x00000000c4600000, 0x00000000c4600000|100%| O|  |TAMS 0x00000000c4600000, 0x00000000c4500000| Untracked 
|  70|0x00000000c4600000, 0x00000000c4700000, 0x00000000c4700000|100%| O|  |TAMS 0x00000000c4700000, 0x00000000c4600000| Untracked 
|  71|0x00000000c4700000, 0x00000000c47ffff8, 0x00000000c4800000| 99%| O|  |TAMS 0x00000000c47ffff8, 0x00000000c4700000| Untracked 
|  72|0x00000000c4800000, 0x00000000c4900000, 0x00000000c4900000|100%| O|  |TAMS 0x00000000c4900000, 0x00000000c4800000| Untracked 
|  73|0x00000000c4900000, 0x00000000c4a00000, 0x00000000c4a00000|100%| O|  |TAMS 0x00000000c4a00000, 0x00000000c4900000| Untracked 
|  74|0x00000000c4a00000, 0x00000000c4a6da88, 0x00000000c4b00000| 42%| O|  |TAMS 0x00000000c4a00000, 0x00000000c4a00000| Untracked 
|  75|0x00000000c4b00000, 0x00000000c4bc8910, 0x00000000c4c00000| 78%| O|  |TAMS 0x00000000c4b00000, 0x00000000c4b00000| Untracked 
|  76|0x00000000c4c00000, 0x00000000c4cb6ad8, 0x00000000c4d00000| 71%| O|  |TAMS 0x00000000c4c00000, 0x00000000c4c00000| Untracked 
|  77|0x00000000c4d00000, 0x00000000c4dd08e8, 0x00000000c4e00000| 81%| O|  |TAMS 0x00000000c4d00000, 0x00000000c4d00000| Untracked 
|  78|0x00000000c4e00000, 0x00000000c4e003f8, 0x00000000c4f00000|  0%| O|  |TAMS 0x00000000c4e00000, 0x00000000c4e00000| Untracked 
|  79|0x00000000c4f00000, 0x00000000c4f00000, 0x00000000c5000000|  0%| F|  |TAMS 0x00000000c4f00000, 0x00000000c4f00000| Untracked 
|  80|0x00000000c5000000, 0x00000000c5000000, 0x00000000c5100000|  0%| F|  |TAMS 0x00000000c5000000, 0x00000000c5000000| Untracked 
|  81|0x00000000c5100000, 0x00000000c5100000, 0x00000000c5200000|  0%| F|  |TAMS 0x00000000c5100000, 0x00000000c5100000| Untracked 
|  82|0x00000000c5200000, 0x00000000c5200000, 0x00000000c5300000|  0%| F|  |TAMS 0x00000000c5200000, 0x00000000c5200000| Untracked 
|  83|0x00000000c5300000, 0x00000000c5300000, 0x00000000c5400000|  0%| F|  |TAMS 0x00000000c5300000, 0x00000000c5300000| Untracked 
|  84|0x00000000c5400000, 0x00000000c5400000, 0x00000000c5500000|  0%| F|  |TAMS 0x00000000c5400000, 0x00000000c5400000| Untracked 
|  85|0x00000000c5500000, 0x00000000c5500000, 0x00000000c5600000|  0%| F|  |TAMS 0x00000000c5500000, 0x00000000c5500000| Untracked 
|  86|0x00000000c5600000, 0x00000000c5600000, 0x00000000c5700000|  0%| F|  |TAMS 0x00000000c5600000, 0x00000000c5600000| Untracked 
|  87|0x00000000c5700000, 0x00000000c5700000, 0x00000000c5800000|  0%| F|  |TAMS 0x00000000c5700000, 0x00000000c5700000| Untracked 
|  88|0x00000000c5800000, 0x00000000c5800000, 0x00000000c5900000|  0%| F|  |TAMS 0x00000000c5800000, 0x00000000c5800000| Untracked 
|  89|0x00000000c5900000, 0x00000000c5900000, 0x00000000c5a00000|  0%| F|  |TAMS 0x00000000c5900000, 0x00000000c5900000| Untracked 
|  90|0x00000000c5a00000, 0x00000000c5b00000, 0x00000000c5b00000|100%| O|  |TAMS 0x00000000c5b00000, 0x00000000c5a00000| Untracked 
|  91|0x00000000c5b00000, 0x00000000c5b00000, 0x00000000c5c00000|  0%| F|  |TAMS 0x00000000c5b00000, 0x00000000c5b00000| Untracked 
|  92|0x00000000c5c00000, 0x00000000c5c00000, 0x00000000c5d00000|  0%| F|  |TAMS 0x00000000c5c00000, 0x00000000c5c00000| Untracked 
|  93|0x00000000c5d00000, 0x00000000c5d00000, 0x00000000c5e00000|  0%| F|  |TAMS 0x00000000c5d00000, 0x00000000c5d00000| Untracked 
|  94|0x00000000c5e00000, 0x00000000c5e00000, 0x00000000c5f00000|  0%| F|  |TAMS 0x00000000c5e00000, 0x00000000c5e00000| Untracked 
|  95|0x00000000c5f00000, 0x00000000c5f00000, 0x00000000c6000000|  0%| F|  |TAMS 0x00000000c5f00000, 0x00000000c5f00000| Untracked 
|  96|0x00000000c6000000, 0x00000000c6000000, 0x00000000c6100000|  0%| F|  |TAMS 0x00000000c6000000, 0x00000000c6000000| Untracked 
|  97|0x00000000c6100000, 0x00000000c6100000, 0x00000000c6200000|  0%| F|  |TAMS 0x00000000c6100000, 0x00000000c6100000| Untracked 
|  98|0x00000000c6200000, 0x00000000c6200000, 0x00000000c6300000|  0%| F|  |TAMS 0x00000000c6200000, 0x00000000c6200000| Untracked 
|  99|0x00000000c6300000, 0x00000000c6300000, 0x00000000c6400000|  0%| F|  |TAMS 0x00000000c6300000, 0x00000000c6300000| Untracked 
| 100|0x00000000c6400000, 0x00000000c6400000, 0x00000000c6500000|  0%| F|  |TAMS 0x00000000c6400000, 0x00000000c6400000| Untracked 
| 101|0x00000000c6500000, 0x00000000c6500000, 0x00000000c6600000|  0%| F|  |TAMS 0x00000000c6500000, 0x00000000c6500000| Untracked 
| 102|0x00000000c6600000, 0x00000000c6600000, 0x00000000c6700000|  0%| F|  |TAMS 0x00000000c6600000, 0x00000000c6600000| Untracked 
| 103|0x00000000c6700000, 0x00000000c6700000, 0x00000000c6800000|  0%| F|  |TAMS 0x00000000c6700000, 0x00000000c6700000| Untracked 
| 104|0x00000000c6800000, 0x00000000c6800000, 0x00000000c6900000|  0%| F|  |TAMS 0x00000000c6800000, 0x00000000c6800000| Untracked 
| 105|0x00000000c6900000, 0x00000000c6903060, 0x00000000c6a00000|  1%| S|CS|TAMS 0x00000000c6900000, 0x00000000c6900000| Complete 
| 106|0x00000000c6a00000, 0x00000000c6a00000, 0x00000000c6b00000|  0%| F|  |TAMS 0x00000000c6a00000, 0x00000000c6a00000| Untracked 
| 107|0x00000000c6b00000, 0x00000000c6b00000, 0x00000000c6c00000|  0%| F|  |TAMS 0x00000000c6b00000, 0x00000000c6b00000| Untracked 
| 108|0x00000000c6c00000, 0x00000000c6c00000, 0x00000000c6d00000|  0%| F|  |TAMS 0x00000000c6c00000, 0x00000000c6c00000| Untracked 
| 109|0x00000000c6d00000, 0x00000000c6d00000, 0x00000000c6e00000|  0%| F|  |TAMS 0x00000000c6d00000, 0x00000000c6d00000| Untracked 
| 110|0x00000000c6e00000, 0x00000000c6e00000, 0x00000000c6f00000|  0%| F|  |TAMS 0x00000000c6e00000, 0x00000000c6e00000| Untracked 
| 111|0x00000000c6f00000, 0x00000000c6f00000, 0x00000000c7000000|  0%| F|  |TAMS 0x00000000c6f00000, 0x00000000c6f00000| Untracked 
| 112|0x00000000c7000000, 0x00000000c7000000, 0x00000000c7100000|  0%| F|  |TAMS 0x00000000c7000000, 0x00000000c7000000| Untracked 
| 113|0x00000000c7100000, 0x00000000c7100000, 0x00000000c7200000|  0%| F|  |TAMS 0x00000000c7100000, 0x00000000c7100000| Untracked 
| 114|0x00000000c7200000, 0x00000000c7200000, 0x00000000c7300000|  0%| F|  |TAMS 0x00000000c7200000, 0x00000000c7200000| Untracked 
| 115|0x00000000c7300000, 0x00000000c7300000, 0x00000000c7400000|  0%| F|  |TAMS 0x00000000c7300000, 0x00000000c7300000| Untracked 
| 116|0x00000000c7400000, 0x00000000c7400000, 0x00000000c7500000|  0%| F|  |TAMS 0x00000000c7400000, 0x00000000c7400000| Untracked 
| 117|0x00000000c7500000, 0x00000000c7500000, 0x00000000c7600000|  0%| F|  |TAMS 0x00000000c7500000, 0x00000000c7500000| Untracked 
| 118|0x00000000c7600000, 0x00000000c7600000, 0x00000000c7700000|  0%| F|  |TAMS 0x00000000c7600000, 0x00000000c7600000| Untracked 
| 119|0x00000000c7700000, 0x00000000c7700000, 0x00000000c7800000|  0%| F|  |TAMS 0x00000000c7700000, 0x00000000c7700000| Untracked 
| 120|0x00000000c7800000, 0x00000000c7800000, 0x00000000c7900000|  0%| F|  |TAMS 0x00000000c7800000, 0x00000000c7800000| Untracked 
| 121|0x00000000c7900000, 0x00000000c7900000, 0x00000000c7a00000|  0%| F|  |TAMS 0x00000000c7900000, 0x00000000c7900000| Untracked 
| 122|0x00000000c7a00000, 0x00000000c7a00000, 0x00000000c7b00000|  0%| F|  |TAMS 0x00000000c7a00000, 0x00000000c7a00000| Untracked 
| 123|0x00000000c7b00000, 0x00000000c7b00000, 0x00000000c7c00000|  0%| F|  |TAMS 0x00000000c7b00000, 0x00000000c7b00000| Untracked 
| 124|0x00000000c7c00000, 0x00000000c7c00000, 0x00000000c7d00000|  0%| F|  |TAMS 0x00000000c7c00000, 0x00000000c7c00000| Untracked 
| 125|0x00000000c7d00000, 0x00000000c7d00000, 0x00000000c7e00000|  0%| F|  |TAMS 0x00000000c7d00000, 0x00000000c7d00000| Untracked 
| 126|0x00000000c7e00000, 0x00000000c7e00000, 0x00000000c7f00000|  0%| F|  |TAMS 0x00000000c7e00000, 0x00000000c7e00000| Untracked 
| 127|0x00000000c7f00000, 0x00000000c7f00000, 0x00000000c8000000|  0%| F|  |TAMS 0x00000000c7f00000, 0x00000000c7f00000| Untracked 
| 128|0x00000000c8000000, 0x00000000c8000000, 0x00000000c8100000|  0%| F|  |TAMS 0x00000000c8000000, 0x00000000c8000000| Untracked 
| 129|0x00000000c8100000, 0x00000000c8100000, 0x00000000c8200000|  0%| F|  |TAMS 0x00000000c8100000, 0x00000000c8100000| Untracked 
| 130|0x00000000c8200000, 0x00000000c8200000, 0x00000000c8300000|  0%| F|  |TAMS 0x00000000c8200000, 0x00000000c8200000| Untracked 
| 131|0x00000000c8300000, 0x00000000c8300000, 0x00000000c8400000|  0%| F|  |TAMS 0x00000000c8300000, 0x00000000c8300000| Untracked 
| 132|0x00000000c8400000, 0x00000000c8400000, 0x00000000c8500000|  0%| F|  |TAMS 0x00000000c8400000, 0x00000000c8400000| Untracked 
| 133|0x00000000c8500000, 0x00000000c8500000, 0x00000000c8600000|  0%| F|  |TAMS 0x00000000c8500000, 0x00000000c8500000| Untracked 
| 134|0x00000000c8600000, 0x00000000c8600000, 0x00000000c8700000|  0%| F|  |TAMS 0x00000000c8600000, 0x00000000c8600000| Untracked 
| 135|0x00000000c8700000, 0x00000000c8700000, 0x00000000c8800000|  0%| F|  |TAMS 0x00000000c8700000, 0x00000000c8700000| Untracked 
| 136|0x00000000c8800000, 0x00000000c8800000, 0x00000000c8900000|  0%| F|  |TAMS 0x00000000c8800000, 0x00000000c8800000| Untracked 
| 137|0x00000000c8900000, 0x00000000c8900000, 0x00000000c8a00000|  0%| F|  |TAMS 0x00000000c8900000, 0x00000000c8900000| Untracked 
| 138|0x00000000c8a00000, 0x00000000c8a00000, 0x00000000c8b00000|  0%| F|  |TAMS 0x00000000c8a00000, 0x00000000c8a00000| Untracked 
| 139|0x00000000c8b00000, 0x00000000c8b00000, 0x00000000c8c00000|  0%| F|  |TAMS 0x00000000c8b00000, 0x00000000c8b00000| Untracked 
| 140|0x00000000c8c00000, 0x00000000c8c00000, 0x00000000c8d00000|  0%| F|  |TAMS 0x00000000c8c00000, 0x00000000c8c00000| Untracked 
| 141|0x00000000c8d00000, 0x00000000c8d00000, 0x00000000c8e00000|  0%| F|  |TAMS 0x00000000c8d00000, 0x00000000c8d00000| Untracked 
| 142|0x00000000c8e00000, 0x00000000c8e00000, 0x00000000c8f00000|  0%| F|  |TAMS 0x00000000c8e00000, 0x00000000c8e00000| Untracked 
| 143|0x00000000c8f00000, 0x00000000c8f00000, 0x00000000c9000000|  0%| F|  |TAMS 0x00000000c8f00000, 0x00000000c8f00000| Untracked 
| 144|0x00000000c9000000, 0x00000000c9000000, 0x00000000c9100000|  0%| F|  |TAMS 0x00000000c9000000, 0x00000000c9000000| Untracked 
| 145|0x00000000c9100000, 0x00000000c9100000, 0x00000000c9200000|  0%| F|  |TAMS 0x00000000c9100000, 0x00000000c9100000| Untracked 
| 146|0x00000000c9200000, 0x00000000c9200000, 0x00000000c9300000|  0%| F|  |TAMS 0x00000000c9200000, 0x00000000c9200000| Untracked 
| 147|0x00000000c9300000, 0x00000000c9300000, 0x00000000c9400000|  0%| F|  |TAMS 0x00000000c9300000, 0x00000000c9300000| Untracked 
| 148|0x00000000c9400000, 0x00000000c9400000, 0x00000000c9500000|  0%| F|  |TAMS 0x00000000c9400000, 0x00000000c9400000| Untracked 
| 149|0x00000000c9500000, 0x00000000c9500000, 0x00000000c9600000|  0%| F|  |TAMS 0x00000000c9500000, 0x00000000c9500000| Untracked 
| 150|0x00000000c9600000, 0x00000000c9600000, 0x00000000c9700000|  0%| F|  |TAMS 0x00000000c9600000, 0x00000000c9600000| Untracked 
| 151|0x00000000c9700000, 0x00000000c9700000, 0x00000000c9800000|  0%| F|  |TAMS 0x00000000c9700000, 0x00000000c9700000| Untracked 
| 152|0x00000000c9800000, 0x00000000c9800000, 0x00000000c9900000|  0%| F|  |TAMS 0x00000000c9800000, 0x00000000c9800000| Untracked 
| 153|0x00000000c9900000, 0x00000000c9900000, 0x00000000c9a00000|  0%| F|  |TAMS 0x00000000c9900000, 0x00000000c9900000| Untracked 
| 154|0x00000000c9a00000, 0x00000000c9a00000, 0x00000000c9b00000|  0%| F|  |TAMS 0x00000000c9a00000, 0x00000000c9a00000| Untracked 
| 155|0x00000000c9b00000, 0x00000000c9b00000, 0x00000000c9c00000|  0%| F|  |TAMS 0x00000000c9b00000, 0x00000000c9b00000| Untracked 
| 156|0x00000000c9c00000, 0x00000000c9c00000, 0x00000000c9d00000|  0%| F|  |TAMS 0x00000000c9c00000, 0x00000000c9c00000| Untracked 
| 157|0x00000000c9d00000, 0x00000000c9d00000, 0x00000000c9e00000|  0%| F|  |TAMS 0x00000000c9d00000, 0x00000000c9d00000| Untracked 
| 158|0x00000000c9e00000, 0x00000000c9e00000, 0x00000000c9f00000|  0%| F|  |TAMS 0x00000000c9e00000, 0x00000000c9e00000| Untracked 
| 159|0x00000000c9f00000, 0x00000000c9f00000, 0x00000000ca000000|  0%| F|  |TAMS 0x00000000c9f00000, 0x00000000c9f00000| Untracked 
| 160|0x00000000ca000000, 0x00000000ca000000, 0x00000000ca100000|  0%| F|  |TAMS 0x00000000ca000000, 0x00000000ca000000| Untracked 
| 161|0x00000000ca100000, 0x00000000ca100000, 0x00000000ca200000|  0%| F|  |TAMS 0x00000000ca100000, 0x00000000ca100000| Untracked 
| 162|0x00000000ca200000, 0x00000000ca200000, 0x00000000ca300000|  0%| F|  |TAMS 0x00000000ca200000, 0x00000000ca200000| Untracked 
| 163|0x00000000ca300000, 0x00000000ca300000, 0x00000000ca400000|  0%| F|  |TAMS 0x00000000ca300000, 0x00000000ca300000| Untracked 
| 164|0x00000000ca400000, 0x00000000ca400000, 0x00000000ca500000|  0%| F|  |TAMS 0x00000000ca400000, 0x00000000ca400000| Untracked 
| 165|0x00000000ca500000, 0x00000000ca500000, 0x00000000ca600000|  0%| F|  |TAMS 0x00000000ca500000, 0x00000000ca500000| Untracked 
| 166|0x00000000ca600000, 0x00000000ca600000, 0x00000000ca700000|  0%| F|  |TAMS 0x00000000ca600000, 0x00000000ca600000| Untracked 
| 167|0x00000000ca700000, 0x00000000ca700000, 0x00000000ca800000|  0%| F|  |TAMS 0x00000000ca700000, 0x00000000ca700000| Untracked 
| 168|0x00000000ca800000, 0x00000000ca800000, 0x00000000ca900000|  0%| F|  |TAMS 0x00000000ca800000, 0x00000000ca800000| Untracked 
| 169|0x00000000ca900000, 0x00000000ca900000, 0x00000000caa00000|  0%| F|  |TAMS 0x00000000ca900000, 0x00000000ca900000| Untracked 
| 170|0x00000000caa00000, 0x00000000caa00000, 0x00000000cab00000|  0%| F|  |TAMS 0x00000000caa00000, 0x00000000caa00000| Untracked 
| 171|0x00000000cab00000, 0x00000000cab00000, 0x00000000cac00000|  0%| F|  |TAMS 0x00000000cab00000, 0x00000000cab00000| Untracked 
| 172|0x00000000cac00000, 0x00000000cac00000, 0x00000000cad00000|  0%| F|  |TAMS 0x00000000cac00000, 0x00000000cac00000| Untracked 
| 173|0x00000000cad00000, 0x00000000cad00000, 0x00000000cae00000|  0%| F|  |TAMS 0x00000000cad00000, 0x00000000cad00000| Untracked 
| 174|0x00000000cae00000, 0x00000000cae00000, 0x00000000caf00000|  0%| F|  |TAMS 0x00000000cae00000, 0x00000000cae00000| Untracked 
| 175|0x00000000caf00000, 0x00000000caf00000, 0x00000000cb000000|  0%| F|  |TAMS 0x00000000caf00000, 0x00000000caf00000| Untracked 
| 176|0x00000000cb000000, 0x00000000cb000000, 0x00000000cb100000|  0%| F|  |TAMS 0x00000000cb000000, 0x00000000cb000000| Untracked 
| 177|0x00000000cb100000, 0x00000000cb100000, 0x00000000cb200000|  0%| F|  |TAMS 0x00000000cb100000, 0x00000000cb100000| Untracked 
| 178|0x00000000cb200000, 0x00000000cb200000, 0x00000000cb300000|  0%| F|  |TAMS 0x00000000cb200000, 0x00000000cb200000| Untracked 
| 179|0x00000000cb300000, 0x00000000cb300000, 0x00000000cb400000|  0%| F|  |TAMS 0x00000000cb300000, 0x00000000cb300000| Untracked 
| 180|0x00000000cb400000, 0x00000000cb400000, 0x00000000cb500000|  0%| F|  |TAMS 0x00000000cb400000, 0x00000000cb400000| Untracked 
| 181|0x00000000cb500000, 0x00000000cb500000, 0x00000000cb600000|  0%| F|  |TAMS 0x00000000cb500000, 0x00000000cb500000| Untracked 
| 182|0x00000000cb600000, 0x00000000cb600000, 0x00000000cb700000|  0%| F|  |TAMS 0x00000000cb600000, 0x00000000cb600000| Untracked 
| 183|0x00000000cb700000, 0x00000000cb700000, 0x00000000cb800000|  0%| F|  |TAMS 0x00000000cb700000, 0x00000000cb700000| Untracked 
| 184|0x00000000cb800000, 0x00000000cb800000, 0x00000000cb900000|  0%| F|  |TAMS 0x00000000cb800000, 0x00000000cb800000| Untracked 
| 185|0x00000000cb900000, 0x00000000cb900000, 0x00000000cba00000|  0%| F|  |TAMS 0x00000000cb900000, 0x00000000cb900000| Untracked 
| 186|0x00000000cba00000, 0x00000000cba00000, 0x00000000cbb00000|  0%| F|  |TAMS 0x00000000cba00000, 0x00000000cba00000| Untracked 
| 187|0x00000000cbb00000, 0x00000000cbb00000, 0x00000000cbc00000|  0%| F|  |TAMS 0x00000000cbb00000, 0x00000000cbb00000| Untracked 
| 188|0x00000000cbc00000, 0x00000000cbc00000, 0x00000000cbd00000|  0%| F|  |TAMS 0x00000000cbc00000, 0x00000000cbc00000| Untracked 
| 189|0x00000000cbd00000, 0x00000000cbd00000, 0x00000000cbe00000|  0%| F|  |TAMS 0x00000000cbd00000, 0x00000000cbd00000| Untracked 
| 190|0x00000000cbe00000, 0x00000000cbe00000, 0x00000000cbf00000|  0%| F|  |TAMS 0x00000000cbe00000, 0x00000000cbe00000| Untracked 
| 191|0x00000000cbf00000, 0x00000000cbf00000, 0x00000000cc000000|  0%| F|  |TAMS 0x00000000cbf00000, 0x00000000cbf00000| Untracked 
| 192|0x00000000cc000000, 0x00000000cc000000, 0x00000000cc100000|  0%| F|  |TAMS 0x00000000cc000000, 0x00000000cc000000| Untracked 
| 193|0x00000000cc100000, 0x00000000cc100000, 0x00000000cc200000|  0%| F|  |TAMS 0x00000000cc100000, 0x00000000cc100000| Untracked 
| 194|0x00000000cc200000, 0x00000000cc200000, 0x00000000cc300000|  0%| F|  |TAMS 0x00000000cc200000, 0x00000000cc200000| Untracked 
| 195|0x00000000cc300000, 0x00000000cc300000, 0x00000000cc400000|  0%| F|  |TAMS 0x00000000cc300000, 0x00000000cc300000| Untracked 
| 196|0x00000000cc400000, 0x00000000cc400000, 0x00000000cc500000|  0%| F|  |TAMS 0x00000000cc400000, 0x00000000cc400000| Untracked 
| 197|0x00000000cc500000, 0x00000000cc500000, 0x00000000cc600000|  0%| F|  |TAMS 0x00000000cc500000, 0x00000000cc500000| Untracked 
| 198|0x00000000cc600000, 0x00000000cc600000, 0x00000000cc700000|  0%| F|  |TAMS 0x00000000cc600000, 0x00000000cc600000| Untracked 
| 199|0x00000000cc700000, 0x00000000cc700000, 0x00000000cc800000|  0%| F|  |TAMS 0x00000000cc700000, 0x00000000cc700000| Untracked 
| 200|0x00000000cc800000, 0x00000000cc800000, 0x00000000cc900000|  0%| F|  |TAMS 0x00000000cc800000, 0x00000000cc800000| Untracked 
| 201|0x00000000cc900000, 0x00000000cc900000, 0x00000000cca00000|  0%| F|  |TAMS 0x00000000cc900000, 0x00000000cc900000| Untracked 
| 202|0x00000000cca00000, 0x00000000cca00000, 0x00000000ccb00000|  0%| F|  |TAMS 0x00000000cca00000, 0x00000000cca00000| Untracked 
| 203|0x00000000ccb00000, 0x00000000ccb00000, 0x00000000ccc00000|  0%| F|  |TAMS 0x00000000ccb00000, 0x00000000ccb00000| Untracked 
| 204|0x00000000ccc00000, 0x00000000ccc00000, 0x00000000ccd00000|  0%| F|  |TAMS 0x00000000ccc00000, 0x00000000ccc00000| Untracked 
| 205|0x00000000ccd00000, 0x00000000ccd00000, 0x00000000cce00000|  0%| F|  |TAMS 0x00000000ccd00000, 0x00000000ccd00000| Untracked 
| 206|0x00000000cce00000, 0x00000000cce00000, 0x00000000ccf00000|  0%| F|  |TAMS 0x00000000cce00000, 0x00000000cce00000| Untracked 
| 207|0x00000000ccf00000, 0x00000000ccf00000, 0x00000000cd000000|  0%| F|  |TAMS 0x00000000ccf00000, 0x00000000ccf00000| Untracked 
| 208|0x00000000cd000000, 0x00000000cd000000, 0x00000000cd100000|  0%| F|  |TAMS 0x00000000cd000000, 0x00000000cd000000| Untracked 
| 209|0x00000000cd100000, 0x00000000cd100000, 0x00000000cd200000|  0%| F|  |TAMS 0x00000000cd100000, 0x00000000cd100000| Untracked 
| 210|0x00000000cd200000, 0x00000000cd200000, 0x00000000cd300000|  0%| F|  |TAMS 0x00000000cd200000, 0x00000000cd200000| Untracked 
| 211|0x00000000cd300000, 0x00000000cd300000, 0x00000000cd400000|  0%| F|  |TAMS 0x00000000cd300000, 0x00000000cd300000| Untracked 
| 212|0x00000000cd400000, 0x00000000cd400000, 0x00000000cd500000|  0%| F|  |TAMS 0x00000000cd400000, 0x00000000cd400000| Untracked 
| 213|0x00000000cd500000, 0x00000000cd500000, 0x00000000cd600000|  0%| F|  |TAMS 0x00000000cd500000, 0x00000000cd500000| Untracked 
| 214|0x00000000cd600000, 0x00000000cd600000, 0x00000000cd700000|  0%| F|  |TAMS 0x00000000cd600000, 0x00000000cd600000| Untracked 
| 215|0x00000000cd700000, 0x00000000cd700000, 0x00000000cd800000|  0%| F|  |TAMS 0x00000000cd700000, 0x00000000cd700000| Untracked 
| 216|0x00000000cd800000, 0x00000000cd800000, 0x00000000cd900000|  0%| F|  |TAMS 0x00000000cd800000, 0x00000000cd800000| Untracked 
| 217|0x00000000cd900000, 0x00000000cd900000, 0x00000000cda00000|  0%| F|  |TAMS 0x00000000cd900000, 0x00000000cd900000| Untracked 
| 218|0x00000000cda00000, 0x00000000cda00000, 0x00000000cdb00000|  0%| F|  |TAMS 0x00000000cda00000, 0x00000000cda00000| Untracked 
| 219|0x00000000cdb00000, 0x00000000cdb00000, 0x00000000cdc00000|  0%| F|  |TAMS 0x00000000cdb00000, 0x00000000cdb00000| Untracked 
| 220|0x00000000cdc00000, 0x00000000cdc00000, 0x00000000cdd00000|  0%| F|  |TAMS 0x00000000cdc00000, 0x00000000cdc00000| Untracked 
| 221|0x00000000cdd00000, 0x00000000cdd00000, 0x00000000cde00000|  0%| F|  |TAMS 0x00000000cdd00000, 0x00000000cdd00000| Untracked 
| 222|0x00000000cde00000, 0x00000000cde00000, 0x00000000cdf00000|  0%| F|  |TAMS 0x00000000cde00000, 0x00000000cde00000| Untracked 
| 223|0x00000000cdf00000, 0x00000000cdf00000, 0x00000000ce000000|  0%| F|  |TAMS 0x00000000cdf00000, 0x00000000cdf00000| Untracked 
| 224|0x00000000ce000000, 0x00000000ce000000, 0x00000000ce100000|  0%| F|  |TAMS 0x00000000ce000000, 0x00000000ce000000| Untracked 
| 225|0x00000000ce100000, 0x00000000ce100000, 0x00000000ce200000|  0%| F|  |TAMS 0x00000000ce100000, 0x00000000ce100000| Untracked 
| 226|0x00000000ce200000, 0x00000000ce200000, 0x00000000ce300000|  0%| F|  |TAMS 0x00000000ce200000, 0x00000000ce200000| Untracked 
| 227|0x00000000ce300000, 0x00000000ce300000, 0x00000000ce400000|  0%| F|  |TAMS 0x00000000ce300000, 0x00000000ce300000| Untracked 
| 228|0x00000000ce400000, 0x00000000ce400000, 0x00000000ce500000|  0%| F|  |TAMS 0x00000000ce400000, 0x00000000ce400000| Untracked 
| 229|0x00000000ce500000, 0x00000000ce500000, 0x00000000ce600000|  0%| F|  |TAMS 0x00000000ce500000, 0x00000000ce500000| Untracked 
| 230|0x00000000ce600000, 0x00000000ce600000, 0x00000000ce700000|  0%| F|  |TAMS 0x00000000ce600000, 0x00000000ce600000| Untracked 
| 231|0x00000000ce700000, 0x00000000ce700000, 0x00000000ce800000|  0%| F|  |TAMS 0x00000000ce700000, 0x00000000ce700000| Untracked 
| 232|0x00000000ce800000, 0x00000000ce800000, 0x00000000ce900000|  0%| F|  |TAMS 0x00000000ce800000, 0x00000000ce800000| Untracked 
| 233|0x00000000ce900000, 0x00000000ce900000, 0x00000000cea00000|  0%| F|  |TAMS 0x00000000ce900000, 0x00000000ce900000| Untracked 
| 234|0x00000000cea00000, 0x00000000cea00000, 0x00000000ceb00000|  0%| F|  |TAMS 0x00000000cea00000, 0x00000000cea00000| Untracked 
| 235|0x00000000ceb00000, 0x00000000ceb00000, 0x00000000cec00000|  0%| F|  |TAMS 0x00000000ceb00000, 0x00000000ceb00000| Untracked 
| 236|0x00000000cec00000, 0x00000000cec00000, 0x00000000ced00000|  0%| F|  |TAMS 0x00000000cec00000, 0x00000000cec00000| Untracked 
| 237|0x00000000ced00000, 0x00000000ced00000, 0x00000000cee00000|  0%| F|  |TAMS 0x00000000ced00000, 0x00000000ced00000| Untracked 
| 238|0x00000000cee00000, 0x00000000cee00000, 0x00000000cef00000|  0%| F|  |TAMS 0x00000000cee00000, 0x00000000cee00000| Untracked 
| 239|0x00000000cef00000, 0x00000000cef00000, 0x00000000cf000000|  0%| F|  |TAMS 0x00000000cef00000, 0x00000000cef00000| Untracked 
| 240|0x00000000cf000000, 0x00000000cf000000, 0x00000000cf100000|  0%| F|  |TAMS 0x00000000cf000000, 0x00000000cf000000| Untracked 
| 241|0x00000000cf100000, 0x00000000cf100000, 0x00000000cf200000|  0%| F|  |TAMS 0x00000000cf100000, 0x00000000cf100000| Untracked 
| 242|0x00000000cf200000, 0x00000000cf200000, 0x00000000cf300000|  0%| F|  |TAMS 0x00000000cf200000, 0x00000000cf200000| Untracked 
| 243|0x00000000cf300000, 0x00000000cf300000, 0x00000000cf400000|  0%| F|  |TAMS 0x00000000cf300000, 0x00000000cf300000| Untracked 
| 244|0x00000000cf400000, 0x00000000cf400800, 0x00000000cf500000|  0%| E|  |TAMS 0x00000000cf400000, 0x00000000cf400000| Complete 
| 245|0x00000000cf500000, 0x00000000cf600000, 0x00000000cf600000|100%| E|CS|TAMS 0x00000000cf500000, 0x00000000cf500000| Complete 
| 246|0x00000000cf600000, 0x00000000cf700000, 0x00000000cf700000|100%| E|CS|TAMS 0x00000000cf600000, 0x00000000cf600000| Complete 
| 487|0x00000000de700000, 0x00000000de800000, 0x00000000de800000|100%| E|CS|TAMS 0x00000000de700000, 0x00000000de700000| Complete 
| 498|0x00000000df200000, 0x00000000df300000, 0x00000000df300000|100%| E|CS|TAMS 0x00000000df200000, 0x00000000df200000| Complete 
| 542|0x00000000e1e00000, 0x00000000e1f00000, 0x00000000e1f00000|100%| E|CS|TAMS 0x00000000e1e00000, 0x00000000e1e00000| Complete 

Card table byte_map: [0x000001dfd2780000,0x000001dfd2980000] _byte_map_base: 0x000001dfd2180000

Marking Bits (Prev, Next): (CMBitMap*) 0x000001df90c79480, (CMBitMap*) 0x000001df90c79440
 Prev Bits: [0x000001dfd3b80000, 0x000001dfd4b80000)
 Next Bits: [0x000001dfd2b80000, 0x000001dfd3b80000)

Polling page: 0x000001dfc4c40000

Metaspace:

Usage:
  Non-class:      8.50 MB used.
      Class:      1.48 MB used.
       Both:      9.98 MB used.

Virtual space:
  Non-class space:       16.00 MB reserved,       8.56 MB ( 54%) committed,  2 nodes.
      Class space:        1.00 GB reserved,       1.56 MB ( <1%) committed,  1 nodes.
             Both:        1.02 GB reserved,      10.12 MB ( <1%) committed. 

Chunk freelists:
   Non-Class:  2.00 MB
       Class:  2.44 MB
        Both:  4.44 MB

MaxMetaspaceSize: unlimited
CompressedClassSpaceSize: 1.00 GB
Initial GC threshold: 21.00 MB
Current GC threshold: 21.00 MB
CDS: on
MetaspaceReclaimPolicy: balanced
 - commit_granule_bytes: 65536.
 - commit_granule_words: 8192.
 - virtual_space_node_default_size: 1048576.
 - enlarge_chunks_in_place: 1.
 - new_chunks_are_fully_committed: 0.
 - uncommit_free_chunks: 1.
 - use_allocation_guard: 0.
 - handle_deallocations: 1.


Internal statistics:

num_allocs_failed_limit: 0.
num_arena_births: 92.
num_arena_deaths: 0.
num_vsnodes_births: 3.
num_vsnodes_deaths: 0.
num_space_committed: 162.
num_space_uncommitted: 0.
num_chunks_returned_to_freelist: 0.
num_chunks_taken_from_freelist: 399.
num_chunk_merges: 0.
num_chunk_splits: 289.
num_chunks_enlarged: 244.
num_purges: 0.
num_inconsistent_stats: 0.

CodeHeap 'non-profiled nmethods': size=119168Kb used=3670Kb max_used=3670Kb free=115497Kb
 bounds [0x000001e007b70000, 0x000001e007f10000, 0x000001e00efd0000]
CodeHeap 'profiled nmethods': size=119104Kb used=5168Kb max_used=7120Kb free=113935Kb
 bounds [0x000001e000720000, 0x000001e000e20000, 0x000001e007b70000]
CodeHeap 'non-nmethods': size=7488Kb used=1153Kb max_used=2951Kb free=6334Kb
 bounds [0x000001dffffd0000, 0x000001e0002d0000, 0x000001e000720000]
 total_blobs=3876 nmethods=3440 adapters=347
 compilation: enabled
              stopped_count=0, restarted_count=0
 full_count=0

Compilation events (20 events):
Event: 291.076 Thread 0x000001df932e42d0 4461       4       java.util.regex.Matcher::appendReplacement (75 bytes)
Event: 291.078 Thread 0x000001df932e42d0 nmethod 4461 0x000001e007efe110 code [0x000001e007efe2c0, 0x000001e007efe5a8]
Event: 318.180 Thread 0x000001df932e42d0 4462       4       java.util.regex.Pattern$BnM::optimize (179 bytes)
Event: 318.191 Thread 0x000001df932e42d0 nmethod 4462 0x000001e007efe810 code [0x000001e007efe9c0, 0x000001e007eff518]
Event: 318.703 Thread 0x000001df932e42d0 4463       4       org.openkoreantext.processor.normalizer.KoreanNormalizer$$$Lambda$147/0x0000000800d85000::apply (12 bytes)
Event: 318.721 Thread 0x000001df932e42d0 nmethod 4463 0x000001e007eff890 code [0x000001e007effbc0, 0x000001e007f016d0]
Event: 352.520 Thread 0x000001df932dfbf0 4464       3       org.openkoreantext.processor.stemmer.KoreanStemmer$$$Lambda$134/0x0000000800d732d8::<init> (10 bytes)
Event: 352.520 Thread 0x000001df932dfbf0 nmethod 4464 0x000001e000b9fc10 code [0x000001e000b9fda0, 0x000001e000b9ff58]
Event: 352.525 Thread 0x000001df932e42d0 4465       4       org.openkoreantext.processor.stemmer.KoreanStemmer$::stem (38 bytes)
Event: 352.532 Thread 0x000001df932e42d0 nmethod 4465 0x000001e007f02910 code [0x000001e007f02b40, 0x000001e007f031a8]
Event: 352.541 Thread 0x000001df932e42d0 4466       4       scala.collection.mutable.StringBuilder::length (8 bytes)
Event: 352.542 Thread 0x000001df932e42d0 nmethod 4466 0x000001e007f03990 code [0x000001e007f03b00, 0x000001e007f03b98]
Event: 403.238 Thread 0x000001df932e42d0 4467       4       scala.util.matching.Regex$Match::<init> (40 bytes)
Event: 403.239 Thread 0x000001df932e42d0 nmethod 4467 0x000001e007f03c90 code [0x000001e007f03e00, 0x000001e007f04138]
Event: 424.885 Thread 0x000001df932e42d0 4468       4       scala.util.matching.Regex$$Lambda$144/0x0000000800d83a30::apply (16 bytes)
Event: 424.889 Thread 0x000001df932e42d0 nmethod 4468 0x000001e007f04210 code [0x000001e007f043e0, 0x000001e007f04b48]
Event: 439.154 Thread 0x000001df932dfbf0 4469       3       java.util.regex.IntHashSet::add (111 bytes)
Event: 439.155 Thread 0x000001df932dfbf0 nmethod 4469 0x000001e0009fbb90 code [0x000001e0009fbd60, 0x000001e0009fc0e8]
Event: 451.739 Thread 0x000001df932e42d0 4470       4       java.util.regex.Pattern$BmpCharPredicate$$Lambda$44/0x0000000800c6b408::is (15 bytes)
Event: 451.742 Thread 0x000001df932e42d0 nmethod 4470 0x000001e007f04f90 code [0x000001e007f05160, 0x000001e007f05658]

GC Heap History (20 events):
Event: 456.740 GC heap before
{Heap before GC invocations=2107 (full 29):
 garbage-first heap   total 256000K, used 225721K [0x00000000c0000000, 0x0000000100000000)
  region size 1024K, 144 young (147456K), 1 survivors (1024K)
 Metaspace       used 10211K, committed 10368K, reserved 1064960K
  class space    used 1515K, committed 1600K, reserved 1048576K
}
Event: 456.740 GC heap after
{Heap after GC invocations=2108 (full 29):
 garbage-first heap   total 256000K, used 79295K [0x00000000c0000000, 0x0000000100000000)
  region size 1024K, 1 young (1024K), 1 survivors (1024K)
 Metaspace       used 10211K, committed 10368K, reserved 1064960K
  class space    used 1515K, committed 1600K, reserved 1048576K
}
Event: 457.028 GC heap before
{Heap before GC invocations=2108 (full 29):
 garbage-first heap   total 256000K, used 225727K [0x00000000c0000000, 0x0000000100000000)
  region size 1024K, 144 young (147456K), 1 survivors (1024K)
 Metaspace       used 10211K, committed 10368K, reserved 1064960K
  class space    used 1515K, committed 1600K, reserved 1048576K
}
Event: 457.028 GC heap after
{Heap after GC invocations=2109 (full 29):
 garbage-first heap   total 256000K, used 79285K [0x00000000c0000000, 0x0000000100000000)
  region size 1024K, 1 young (1024K), 1 survivors (1024K)
 Metaspace       used 10211K, committed 10368K, reserved 1064960K
  class space    used 1515K, committed 1600K, reserved 1048576K
}
Event: 457.316 GC heap before
{Heap before GC invocations=2109 (full 29):
 garbage-first heap   total 256000K, used 225717K [0x00000000c0000000, 0x0000000100000000)
  region size 1024K, 144 young (147456K), 1 survivors (1024K)
 Metaspace       used 10211K, committed 10368K, reserved 1064960K
  class space    used 1515K, committed 1600K, reserved 1048576K
}
Event: 457.317 GC heap after
{Heap after GC invocations=2110 (full 29):
 garbage-first heap   total 256000K, used 79287K [0x00000000c0000000, 0x0000000100000000)
  region size 1024K, 1 young (1024K), 1 survivors (1024K)
 Metaspace       used 10211K, committed 10368K, reserved 1064960K
  class space    used 1515K, committed 1600K, reserved 1048576K
}
Event: 457.607 GC heap before
{Heap before GC invocations=2110 (full 29):
 garbage-first heap   total 256000K, used 225719K [0x00000000c0000000, 0x0000000100000000)
  region size 1024K, 144 young (147456K), 1 survivors (1024K)
 Metaspace       used 10211K, committed 10368K, reserved 1064960K
  class space    used 1515K, committed 1600K, reserved 1048576K
}
Event: 457.608 GC heap after
{Heap after GC invocations=2111 (full 29):
 garbage-first heap   total 256000K, used 79289K [0x00000000c0000000, 0x0000000100000000)
  region size 1024K, 1 young (1024K), 1 survivors (1024K)
 Metaspace       used 10211K, committed 10368K, reserved 1064960K
  class space    used 1515K, committed 1600K, reserved 1048576K
}
Event: 457.896 GC heap before
{Heap before GC invocations=2111 (full 29):
 garbage-first heap   total 256000K, used 225721K [0x00000000c0000000, 0x0000000100000000)
  region size 1024K, 144 young (147456K), 1 survivors (1024K)
 Metaspace       used 10211K, committed 10368K, reserved 1064960K
  class space    used 1515K, committed 1600K, reserved 1048576K
}
Event: 457.897 GC heap after
{Heap after GC invocations=2112 (full 29):
 garbage-first heap   total 256000K, used 79289K [0x00000000c0000000, 0x0000000100000000)
  region size 1024K, 1 young (1024K), 1 survivors (1024K)
 Metaspace       used 10211K, committed 10368K, reserved 1064960K
  class space    used 1515K, committed 1600K, reserved 1048576K
}
Event: 458.193 GC heap before
{Heap before GC invocations=2112 (full 29):
 garbage-first heap   total 256000K, used 225721K [0x00000000c0000000, 0x0000000100000000)
  region size 1024K, 144 young (147456K), 1 survivors (1024K)
 Metaspace       used 10211K, committed 10368K, reserved 1064960K
  class space    used 1515K, committed 1600K, reserved 1048576K
}
Event: 458.193 GC heap after
{Heap after GC invocations=2113 (full 29):
 garbage-first heap   total 256000K, used 79287K [0x00000000c0000000, 0x0000000100000000)
  region size 1024K, 1 young (1024K), 1 survivors (1024K)
 Metaspace       used 10211K, committed 10368K, reserved 1064960K
  class space    used 1515K, committed 1600K, reserved 1048576K
}
Event: 458.482 GC heap before
{Heap before GC invocations=2113 (full 29):
 garbage-first heap   total 256000K, used 225719K [0x00000000c0000000, 0x0000000100000000)
  region size 1024K, 144 young (147456K), 1 survivors (1024K)
 Metaspace       used 10211K, committed 10368K, reserved 1064960K
  class space    used 1515K, committed 1600K, reserved 1048576K
}
Event: 458.483 GC heap after
{Heap after GC invocations=2114 (full 29):
 garbage-first heap   total 256000K, used 79291K [0x00000000c0000000, 0x0000000100000000)
  region size 1024K, 1 young (1024K), 1 survivors (1024K)
 Metaspace       used 10211K, committed 10368K, reserved 1064960K
  class space    used 1515K, committed 1600K, reserved 1048576K
}
Event: 458.774 GC heap before
{Heap before GC invocations=2114 (full 29):
 garbage-first heap   total 256000K, used 225723K [0x00000000c0000000, 0x0000000100000000)
  region size 1024K, 144 young (147456K), 1 survivors (1024K)
 Metaspace       used 10211K, committed 10368K, reserved 1064960K
  class space    used 1515K, committed 1600K, reserved 1048576K
}
Event: 458.775 GC heap after
{Heap after GC invocations=2115 (full 29):
 garbage-first heap   total 256000K, used 79298K [0x00000000c0000000, 0x0000000100000000)
  region size 1024K, 1 young (1024K), 1 survivors (1024K)
 Metaspace       used 10211K, committed 10368K, reserved 1064960K
  class space    used 1515K, committed 1600K, reserved 1048576K
}
Event: 459.071 GC heap before
{Heap before GC invocations=2115 (full 29):
 garbage-first heap   total 256000K, used 225730K [0x00000000c0000000, 0x0000000100000000)
  region size 1024K, 144 young (147456K), 1 survivors (1024K)
 Metaspace       used 10211K, committed 10368K, reserved 1064960K
  class space    used 1515K, committed 1600K, reserved 1048576K
}
Event: 459.072 GC heap after
{Heap after GC invocations=2116 (full 29):
 garbage-first heap   total 256000K, used 79291K [0x00000000c0000000, 0x0000000100000000)
  region size 1024K, 1 young (1024K), 1 survivors (1024K)
 Metaspace       used 10211K, committed 10368K, reserved 1064960K
  class space    used 1515K, committed 1600K, reserved 1048576K
}
Event: 459.366 GC heap before
{Heap before GC invocations=2116 (full 29):
 garbage-first heap   total 256000K, used 225723K [0x00000000c0000000, 0x0000000100000000)
  region size 1024K, 144 young (147456K), 1 survivors (1024K)
 Metaspace       used 10211K, committed 10368K, reserved 1064960K
  class space    used 1515K, committed 1600K, reserved 1048576K
}
Event: 459.366 GC heap after
{Heap after GC invocations=2117 (full 29):
 garbage-first heap   total 256000K, used 79287K [0x00000000c0000000, 0x0000000100000000)
  region size 1024K, 1 young (1024K), 1 survivors (1024K)
 Metaspace       used 10211K, committed 10368K, reserved 1064960K
  class space    used 1515K, committed 1600K, reserved 1048576K
}

Deoptimization events (20 events):
Event: 451.739 Thread 0x000001dfc39c6160 Uncommon trap: trap_request=0xffffff66 fr.pc=0x000001e007e05360 relative=0x00000000000001c0
Event: 451.739 Thread 0x000001dfc39c6160 Uncommon trap: reason=speculate_class_check action=maybe_recompile pc=0x000001e007e05360 method=java.util.regex.Pattern$BmpCharPredicate.lambda$union$3(Ljava/util/regex/Pattern$CharPredicate;I)Z @ 2 c2
Event: 451.739 Thread 0x000001dfc39c6160 DEOPT PACKING pc=0x000001e007e05360 sp=0x000000b54f5ed820
Event: 451.739 Thread 0x000001dfc39c6160 DEOPT UNPACKING pc=0x000001e0000223a3 sp=0x000000b54f5ed738 mode 2
Event: 451.739 Thread 0x000001dfc39c6160 Uncommon trap: trap_request=0xffffff66 fr.pc=0x000001e007e05360 relative=0x00000000000001c0
Event: 451.739 Thread 0x000001dfc39c6160 Uncommon trap: reason=speculate_class_check action=maybe_recompile pc=0x000001e007e05360 method=java.util.regex.Pattern$BmpCharPredicate.lambda$union$3(Ljava/util/regex/Pattern$CharPredicate;I)Z @ 2 c2
Event: 451.739 Thread 0x000001dfc39c6160 DEOPT PACKING pc=0x000001e007e05360 sp=0x000000b54f5ed820
Event: 451.739 Thread 0x000001dfc39c6160 DEOPT UNPACKING pc=0x000001e0000223a3 sp=0x000000b54f5ed738 mode 2
Event: 451.739 Thread 0x000001dfc39c6160 Uncommon trap: trap_request=0xffffff66 fr.pc=0x000001e007e05360 relative=0x00000000000001c0
Event: 451.739 Thread 0x000001dfc39c6160 Uncommon trap: reason=speculate_class_check action=maybe_recompile pc=0x000001e007e05360 method=java.util.regex.Pattern$BmpCharPredicate.lambda$union$3(Ljava/util/regex/Pattern$CharPredicate;I)Z @ 2 c2
Event: 451.739 Thread 0x000001dfc39c6160 DEOPT PACKING pc=0x000001e007e05360 sp=0x000000b54f5ed820
Event: 451.739 Thread 0x000001dfc39c6160 DEOPT UNPACKING pc=0x000001e0000223a3 sp=0x000000b54f5ed738 mode 2
Event: 451.739 Thread 0x000001dfc39c6160 Uncommon trap: trap_request=0xffffff66 fr.pc=0x000001e007e05360 relative=0x00000000000001c0
Event: 451.739 Thread 0x000001dfc39c6160 Uncommon trap: reason=speculate_class_check action=maybe_recompile pc=0x000001e007e05360 method=java.util.regex.Pattern$BmpCharPredicate.lambda$union$3(Ljava/util/regex/Pattern$CharPredicate;I)Z @ 2 c2
Event: 451.739 Thread 0x000001dfc39c6160 DEOPT PACKING pc=0x000001e007e05360 sp=0x000000b54f5ed820
Event: 451.739 Thread 0x000001dfc39c6160 DEOPT UNPACKING pc=0x000001e0000223a3 sp=0x000000b54f5ed738 mode 2
Event: 459.570 Thread 0x000001dfc39c6160 Uncommon trap: trap_request=0xffffff45 fr.pc=0x000001e007c0cde0 relative=0x0000000000000400
Event: 459.570 Thread 0x000001dfc39c6160 Uncommon trap: reason=unstable_if action=reinterpret pc=0x000001e007c0cde0 method=org.jpype.manager.TypeManager.findClassForObject(Ljava/lang/Object;)J @ 8 c2
Event: 459.570 Thread 0x000001dfc39c6160 DEOPT PACKING pc=0x000001e007c0cde0 sp=0x000000b54f5ee220
Event: 459.570 Thread 0x000001dfc39c6160 DEOPT UNPACKING pc=0x000001e0000223a3 sp=0x000000b54f5ee1f0 mode 2

Classes unloaded (0 events):
No events

Classes redefined (0 events):
No events

Internal exceptions (20 events):
Event: 0.831 Thread 0x000001dfc39c6160 Exception <a 'java/lang/NoSuchMethodError'{0x00000000c1e13fc8}: 'java.lang.Object java.lang.invoke.DirectMethodHandle$Holder.invokeStatic(java.lang.Object, java.lang.Object, int, java.lang.Object, java.lang.Object)'> (0x00000000c1e13fc8) 
thrown [t:\workspace\open\src\hotspot\share\interpreter\linkResolver.cpp, line 766]
Event: 0.832 Thread 0x000001dfc39c6160 Exception <a 'java/lang/NoSuchMethodError'{0x00000000c1e1e590}: 'java.lang.Object java.lang.invoke.DirectMethodHandle$Holder.newInvokeSpecial(java.lang.Object, java.lang.Object, int, java.lang.Object)'> (0x00000000c1e1e590) 
thrown [t:\workspace\open\src\hotspot\share\interpreter\linkResolver.cpp, line 766]
Event: 0.832 Thread 0x000001dfc39c6160 Exception <a 'java/lang/NoSuchMethodError'{0x00000000c1e226c8}: 'java.lang.Object java.lang.invoke.DirectMethodHandle$Holder.invokeSpecial(java.lang.Object, java.lang.Object, java.lang.Object, int, java.lang.Object)'> (0x00000000c1e226c8) 
thrown [t:\workspace\open\src\hotspot\share\interpreter\linkResolver.cpp, line 766]
Event: 0.843 Thread 0x000001dfc39c6160 Exception <a 'java/lang/NoSuchMethodError'{0x00000000c1ef0510}: 'java.lang.Object java.lang.invoke.DirectMethodHandle$Holder.invokeStaticInit(java.lang.Object, java.lang.Object, java.lang.Object, java.lang.Object)'> (0x00000000c1ef0510) 
thrown [t:\workspace\open\src\hotspot\share\interpreter\linkResolver.cpp, line 766]
Event: 0.850 Thread 0x000001dfc39c6160 Exception <a 'java/lang/NoSuchMethodError'{0x00000000c1d55168}: 'void java.lang.invoke.DirectMethodHandle$Holder.invokeStatic(java.lang.Object, java.lang.Object)'> (0x00000000c1d55168) 
thrown [t:\workspace\open\src\hotspot\share\interpreter\linkResolver.cpp, line 766]
Event: 0.952 Thread 0x000001dfc39c6160 Exception <a 'java/lang/NoSuchMethodError'{0x00000000c2786a00}: 'java.lang.Object java.lang.invoke.DirectMethodHandle$Holder.invokeStatic(java.lang.Object, java.lang.Object, int, java.lang.Object)'> (0x00000000c2786a00) 
thrown [t:\workspace\open\src\hotspot\share\interpreter\linkResolver.cpp, line 766]
Event: 0.952 Thread 0x000001dfc39c6160 Exception <a 'java/lang/NoSuchMethodError'{0x00000000c278fc60}: 'java.lang.Object java.lang.invoke.DirectMethodHandle$Holder.newInvokeSpecial(java.lang.Object, java.lang.Object, int)'> (0x00000000c278fc60) 
thrown [t:\workspace\open\src\hotspot\share\interpreter\linkResolver.cpp, line 766]
Event: 0.956 Thread 0x000001dfc39c6160 Exception <a 'java/lang/NoSuchMethodError'{0x00000000c27b5f88}: 'java.lang.Object java.lang.invoke.DirectMethodHandle$Holder.invokeStatic(java.lang.Object, int, java.lang.Object)'> (0x00000000c27b5f88) 
thrown [t:\workspace\open\src\hotspot\share\interpreter\linkResolver.cpp, line 766]
Event: 1.367 Thread 0x000001dfc39c6160 Exception <a 'java/lang/NoSuchMethodError'{0x00000000c8969ff8}: 'java.lang.Object java.lang.invoke.DirectMethodHandle$Holder.newInvokeSpecial(java.lang.Object, java.lang.Object, java.lang.Object, java.lang.Object, java.lang.Object, int)'> (0x00000000c8969ff8) 
thrown [t:\workspace\open\src\hotspot\share\interpreter\linkResolver.cpp, line 766]
Event: 1.368 Thread 0x000001dfc39c6160 Exception <a 'java/lang/NoSuchMethodError'{0x00000000c896e660}: 'java.lang.Object java.lang.invoke.DirectMethodHandle$Holder.invokeSpecial(java.lang.Object, java.lang.Object, java.lang.Object, java.lang.Object, java.lang.Object, java.lang.Object, int)'> (0x00000000c896e660) 
thrown [t:\workspace\open\src\hotspot\share\interpreter\linkResolver.cpp, line 766]
Event: 1.387 Thread 0x000001dfc39c6160 Exception <a 'java/lang/NoSuchMethodError'{0x00000000c8829f50}: 'java.lang.Object java.lang.invoke.DirectMethodHandle$Holder.newInvokeSpecial(java.lang.Object, java.lang.Object, java.lang.Object, java.lang.Object, int, java.lang.Object)'> (0x00000000c8829f50) 
thrown [t:\workspace\open\src\hotspot\share\interpreter\linkResolver.cpp, line 766]
Event: 1.387 Thread 0x000001dfc39c6160 Exception <a 'java/lang/NoSuchMethodError'{0x00000000c882e228}: 'java.lang.Object java.lang.invoke.DirectMethodHandle$Holder.invokeSpecial(java.lang.Object, java.lang.Object, java.lang.Object, java.lang.Object, java.lang.Object, int, java.lang.Object)'> (0x00000000c882e228) 
thrown [t:\workspace\open\src\hotspot\share\interpreter\linkResolver.cpp, line 766]
Event: 1.481 Thread 0x000001dfc39c6160 Exception <a 'java/lang/NoSuchMethodError'{0x00000000c7551a88}: 'java.lang.Object java.lang.invoke.DirectMethodHandle$Holder.invokeStaticInit(java.lang.Object, java.lang.Object, java.lang.Object, java.lang.Object, java.lang.Object)'> (0x00000000c7551a88) 
thrown [t:\workspace\open\src\hotspot\share\interpreter\linkResolver.cpp, line 766]
Event: 1.481 Thread 0x000001dfc39c6160 Exception <a 'java/lang/NoSuchMethodError'{0x00000000c7558ba8}: 'java.lang.Object java.lang.invoke.Invokers$Holder.invoke_MT(java.lang.Object, java.lang.Object, java.lang.Object, java.lang.Object, java.lang.Object, java.lang.Object)'> (0x00000000c7558ba8) 
thrown [t:\workspace\open\src\hotspot\share\interpreter\linkResolver.cpp, line 766]
Event: 1.482 Thread 0x000001dfc39c6160 Exception <a 'java/lang/NoSuchMethodError'{0x00000000c7565cf8}: 'java.lang.Object java.lang.invoke.Invokers$Holder.invoker(java.lang.Object, java.lang.Object, java.lang.Object)'> (0x00000000c7565cf8) 
thrown [t:\workspace\open\src\hotspot\share\interpreter\linkResolver.cpp, line 766]
Event: 1.483 Thread 0x000001dfc39c6160 Exception <a 'java/lang/NoSuchMethodError'{0x00000000c756e448}: 'java.lang.Object java.lang.invoke.DirectMethodHandle$Holder.invokeStatic(java.lang.Object, java.lang.Object, int)'> (0x00000000c756e448) 
thrown [t:\workspace\open\src\hotspot\share\interpreter\linkResolver.cpp, line 766]
Event: 1.483 Thread 0x000001dfc39c6160 Exception <a 'java/lang/NoSuchMethodError'{0x00000000c7579360}: 'void java.lang.invoke.DelegatingMethodHandle$Holder.delegate(java.lang.Object, java.lang.Object, int, java.lang.Object)'> (0x00000000c7579360) 
thrown [t:\workspace\open\src\hotspot\share\interpreter\linkResolver.cpp, line 766]
Event: 1.484 Thread 0x000001dfc39c6160 Exception <a 'java/lang/NoSuchMethodError'{0x00000000c757da30}: 'int java.lang.invoke.DirectMethodHandle$Holder.invokeSpecial(java.lang.Object, java.lang.Object, java.lang.Object)'> (0x00000000c757da30) 
thrown [t:\workspace\open\src\hotspot\share\interpreter\linkResolver.cpp, line 766]
Event: 1.484 Thread 0x000001dfc39c6160 Exception <a 'java/lang/NoSuchMethodError'{0x00000000c75946a0}: 'java.lang.Object java.lang.invoke.Invokers$Holder.invokeExact_MT(java.lang.Object, java.lang.Object, java.lang.Object, java.lang.Object)'> (0x00000000c75946a0) 
thrown [t:\workspace\open\src\hotspot\share\interpreter\linkResolver.cpp, line 766]
Event: 459.570 Thread 0x000001dfc39c6160 Exception <a 'java/lang/InterruptedException'{0x00000000cf569460}: sleep interrupted> (0x00000000cf569460) 
thrown [t:\workspace\open\src\hotspot\share\prims\jvm.cpp, line 3041]

VM Operations (20 events):
Event: 456.740 Executing VM operation: G1CollectForAllocation
Event: 456.740 Executing VM operation: G1CollectForAllocation done
Event: 457.028 Executing VM operation: G1CollectForAllocation
Event: 457.028 Executing VM operation: G1CollectForAllocation done
Event: 457.316 Executing VM operation: G1CollectForAllocation
Event: 457.317 Executing VM operation: G1CollectForAllocation done
Event: 457.607 Executing VM operation: G1CollectForAllocation
Event: 457.608 Executing VM operation: G1CollectForAllocation done
Event: 457.896 Executing VM operation: G1CollectForAllocation
Event: 457.897 Executing VM operation: G1CollectForAllocation done
Event: 458.193 Executing VM operation: G1CollectForAllocation
Event: 458.193 Executing VM operation: G1CollectForAllocation done
Event: 458.482 Executing VM operation: G1CollectForAllocation
Event: 458.483 Executing VM operation: G1CollectForAllocation done
Event: 458.774 Executing VM operation: G1CollectForAllocation
Event: 458.775 Executing VM operation: G1CollectForAllocation done
Event: 459.071 Executing VM operation: G1CollectForAllocation
Event: 459.072 Executing VM operation: G1CollectForAllocation done
Event: 459.366 Executing VM operation: G1CollectForAllocation
Event: 459.366 Executing VM operation: G1CollectForAllocation done

Events (20 events):
Event: 3.038 Thread 0x000001df932e1a50 flushing nmethod 0x000001e000e03710
Event: 3.038 Thread 0x000001df932e1a50 flushing nmethod 0x000001e000e04190
Event: 3.038 Thread 0x000001df932e1a50 flushing nmethod 0x000001e000e05290
Event: 3.038 Thread 0x000001df932e1a50 flushing nmethod 0x000001e000e09490
Event: 3.038 Thread 0x000001df932e1a50 flushing nmethod 0x000001e000e11090
Event: 3.183 Thread 0x000001df932dd370 Thread exited: 0x000001df932dd370
Event: 3.320 Thread 0x000001df932e47e0 Thread exited: 0x000001df932e47e0
Event: 3.656 Thread 0x000001df932e2470 Thread exited: 0x000001df932e2470
Event: 3.812 Thread 0x000001df932e2e90 Thread exited: 0x000001df932e2e90
Event: 3.817 Thread 0x000001df932e1f60 Thread exited: 0x000001df932e1f60
Event: 3.817 Thread 0x000001df932e0100 Thread exited: 0x000001df932e0100
Event: 3.863 Thread 0x000001df932e2980 Thread exited: 0x000001df932e2980
Event: 3.863 Thread 0x000001df932e3dc0 Thread exited: 0x000001df932e3dc0
Event: 4.928 Thread 0x000001df932e33a0 Thread exited: 0x000001df932e33a0
Event: 144.321 loading class java/util/regex/Pattern$SliceS
Event: 144.321 loading class java/util/regex/Pattern$SliceS done
Event: 459.507 loading class jdk/internal/misc/Signal$1
Event: 459.508 loading class jdk/internal/misc/Signal$1 done
Event: 459.508 Thread 0x000001dfdc883460 Thread added: 0x000001dfdc883460
Event: 459.508 Thread 0x000001dfdc883460 Thread exited: 0x000001dfdc883460


Dynamic libraries:
0x00007ff616290000 - 0x00007ff6162ac000 	C:\Users\kjmin\AppData\Local\Programs\Python\Python38\python.exe
0x00007ff814430000 - 0x00007ff814625000 	C:\WINDOWS\SYSTEM32\ntdll.dll
0x00007ff8129b0000 - 0x00007ff812a6e000 	C:\WINDOWS\System32\KERNEL32.DLL
0x00007ff811c90000 - 0x00007ff811f58000 	C:\WINDOWS\System32\KERNELBASE.dll
0x00007ff80f3b0000 - 0x00007ff80f440000 	C:\WINDOWS\SYSTEM32\apphelp.dll
0x00007ff812350000 - 0x00007ff812450000 	C:\WINDOWS\System32\ucrtbase.dll
0x00007ff80d980000 - 0x00007ff80d99a000 	C:\Users\kjmin\AppData\Local\Programs\Python\Python38\VCRUNTIME140.dll
0x00007fffd3ce0000 - 0x00007fffd4110000 	C:\Users\kjmin\AppData\Local\Programs\Python\Python38\python38.dll
0x00007ff813e00000 - 0x00007ff813e55000 	C:\WINDOWS\System32\SHLWAPI.dll
0x00007ff813b40000 - 0x00007ff813bde000 	C:\WINDOWS\System32\msvcrt.dll
0x00007ff812c90000 - 0x00007ff812cfb000 	C:\WINDOWS\System32\WS2_32.dll
0x00007ff813ee0000 - 0x00007ff81400a000 	C:\WINDOWS\System32\RPCRT4.dll
0x00007ff814340000 - 0x00007ff8143ec000 	C:\WINDOWS\System32\ADVAPI32.dll
0x00007ff80a960000 - 0x00007ff80a96a000 	C:\WINDOWS\SYSTEM32\VERSION.dll
0x00007ff812490000 - 0x00007ff81252b000 	C:\WINDOWS\System32\sechost.dll
0x00007ff8114f0000 - 0x00007ff811508000 	C:\WINDOWS\SYSTEM32\CRYPTSP.dll
0x00007ff810c10000 - 0x00007ff810c44000 	C:\WINDOWS\system32\rsaenh.dll
0x00007ff812210000 - 0x00007ff812237000 	C:\WINDOWS\System32\bcrypt.dll
0x00007ff811510000 - 0x00007ff81151c000 	C:\WINDOWS\SYSTEM32\CRYPTBASE.dll
0x00007ff811c00000 - 0x00007ff811c83000 	C:\WINDOWS\System32\bcryptPrimitives.dll
0x00007ff80b370000 - 0x00007ff80b37f000 	C:\Users\kjmin\AppData\Local\Programs\Python\Python38\python3.DLL
0x00007ff80b340000 - 0x00007ff80b362000 	C:\Users\kjmin\AppData\Local\Programs\Python\Python38\DLLs\_ctypes.pyd
0x00007ff812d10000 - 0x00007ff812e3a000 	C:\WINDOWS\System32\ole32.dll
0x00007ff812fc0000 - 0x00007ff813315000 	C:\WINDOWS\System32\combase.dll
0x00007ff812c60000 - 0x00007ff812c8b000 	C:\WINDOWS\System32\GDI32.dll
0x00007ff812450000 - 0x00007ff812472000 	C:\WINDOWS\System32\win32u.dll
0x00007ff812240000 - 0x00007ff81234b000 	C:\WINDOWS\System32\gdi32full.dll
0x00007ff80b330000 - 0x00007ff80b33b000 	C:\Users\kjmin\AppData\Local\Programs\Python\Python38\DLLs\libffi-7.dll
0x00007ff811f60000 - 0x00007ff811ffd000 	C:\WINDOWS\System32\msvcp_win.dll
0x00007ff814070000 - 0x00007ff814211000 	C:\WINDOWS\System32\USER32.dll
0x00007ff812e40000 - 0x00007ff812f0d000 	C:\WINDOWS\System32\OLEAUT32.dll
0x00007ff812c30000 - 0x00007ff812c60000 	C:\WINDOWS\System32\IMM32.DLL
0x00007ff80af20000 - 0x00007ff80af36000 	C:\Users\kjmin\AppData\Local\Programs\Python\Python38\DLLs\_socket.pyd
0x00007ff810fa0000 - 0x00007ff810fdb000 	C:\WINDOWS\SYSTEM32\IPHLPAPI.DLL
0x00007ff80b320000 - 0x00007ff80b329000 	C:\Users\kjmin\AppData\Local\Programs\Python\Python38\DLLs\select.pyd
0x000000006f7c0000 - 0x0000000071448000 	C:\Users\kjmin\PycharmProjects\01Hello\venv\lib\site-packages\numpy\.libs\libopenblas.PYQHXLVVQ7VESDPUVUADXEVJOBGHJPAY.gfortran-win_amd64.dll
0x00007fffe5c60000 - 0x00007fffe5f3f000 	C:\Users\kjmin\PycharmProjects\01Hello\venv\lib\site-packages\numpy\core\_multiarray_umath.cp38-win_amd64.pyd
0x00007ffffc2f0000 - 0x00007ffffc312000 	C:\Users\kjmin\PycharmProjects\01Hello\venv\lib\site-packages\numpy\core\_multiarray_tests.cp38-win_amd64.pyd
0x00007ff80b300000 - 0x00007ff80b30c000 	C:\Users\kjmin\PycharmProjects\01Hello\venv\lib\site-packages\numpy\linalg\lapack_lite.cp38-win_amd64.pyd
0x00007ffffa040000 - 0x00007ffffa066000 	C:\Users\kjmin\PycharmProjects\01Hello\venv\lib\site-packages\numpy\linalg\_umath_linalg.cp38-win_amd64.pyd
0x00007ff800bb0000 - 0x00007ff800bc8000 	C:\Users\kjmin\AppData\Local\Programs\Python\Python38\DLLs\_bz2.pyd
0x00007ffff9600000 - 0x00007ffff962a000 	C:\Users\kjmin\AppData\Local\Programs\Python\Python38\DLLs\_lzma.pyd
0x00007ffff90a0000 - 0x00007ffff90e3000 	C:\Users\kjmin\AppData\Local\Programs\Python\Python38\DLLs\_decimal.pyd
0x00007ffffa790000 - 0x00007ffffa7b0000 	C:\Users\kjmin\PycharmProjects\01Hello\venv\lib\site-packages\numpy\fft\_pocketfft_internal.cp38-win_amd64.pyd
0x00007fffebbd0000 - 0x00007fffebc62000 	C:\Users\kjmin\PycharmProjects\01Hello\venv\lib\site-packages\numpy\random\mtrand.cp38-win_amd64.pyd
0x00007ffff8ef0000 - 0x00007ffff8f1d000 	C:\Users\kjmin\PycharmProjects\01Hello\venv\lib\site-packages\numpy\random\_bit_generator.cp38-win_amd64.pyd
0x00007ffff4300000 - 0x00007ffff4332000 	C:\Users\kjmin\PycharmProjects\01Hello\venv\lib\site-packages\numpy\random\_common.cp38-win_amd64.pyd
0x00007ff803b90000 - 0x00007ff803b9e000 	C:\Users\kjmin\AppData\Local\Programs\Python\Python38\DLLs\_hashlib.pyd
0x00007fffd0e70000 - 0x00007fffd11b8000 	C:\Users\kjmin\AppData\Local\Programs\Python\Python38\DLLs\libcrypto-1_1.dll
0x00007ffff2ea0000 - 0x00007ffff2ef2000 	C:\Users\kjmin\PycharmProjects\01Hello\venv\lib\site-packages\numpy\random\_bounded_integers.cp38-win_amd64.pyd
0x00007ffffa0b0000 - 0x00007ffffa0ce000 	C:\Users\kjmin\PycharmProjects\01Hello\venv\lib\site-packages\numpy\random\_mt19937.cp38-win_amd64.pyd
0x00007ffff9020000 - 0x00007ffff9038000 	C:\Users\kjmin\PycharmProjects\01Hello\venv\lib\site-packages\numpy\random\_philox.cp38-win_amd64.pyd
0x00007ffff7f40000 - 0x00007ffff7f56000 	C:\Users\kjmin\PycharmProjects\01Hello\venv\lib\site-packages\numpy\random\_pcg64.cp38-win_amd64.pyd
0x00007ffff5ac0000 - 0x00007ffff5ad3000 	C:\Users\kjmin\PycharmProjects\01Hello\venv\lib\site-packages\numpy\random\_sfc64.cp38-win_amd64.pyd
0x00007fffe4e50000 - 0x00007fffe4ef8000 	C:\Users\kjmin\PycharmProjects\01Hello\venv\lib\site-packages\numpy\random\_generator.cp38-win_amd64.pyd
0x00007ffff3f70000 - 0x00007ffff3f8e000 	C:\Users\kjmin\PycharmProjects\01Hello\venv\lib\site-packages\google\protobuf\internal\_api_implementation.cp38-win_amd64.pyd
0x00007fffd2860000 - 0x00007fffd29ee000 	C:\Users\kjmin\PycharmProjects\01Hello\venv\lib\site-packages\google\protobuf\pyext\_message.cp38-win_amd64.pyd
0x00007fffe31a0000 - 0x00007fffe322d000 	C:\WINDOWS\SYSTEM32\msvcp140.dll
0x00007ffffba60000 - 0x00007ffffba6c000 	C:\Users\kjmin\AppData\Local\Programs\Python\Python38\VCRUNTIME140_1.dll
0x00007ffffa9d0000 - 0x00007ffffa9d9000 	C:\WINDOWS\SYSTEM32\msvcp140_1.dll
0x00007fff48b50000 - 0x00007fff73239000 	C:\Users\kjmin\PycharmProjects\01Hello\venv\lib\site-packages\tensorflow\python\_pywrap_tensorflow_internal.pyd
0x00007ff812000000 - 0x00007ff812156000 	C:\WINDOWS\System32\CRYPT32.dll
0x00007ff812d00000 - 0x00007ff812d08000 	C:\WINDOWS\System32\Normaliz.dll
0x00007ff813400000 - 0x00007ff813b3f000 	C:\WINDOWS\System32\SHELL32.dll
0x00007ff811a50000 - 0x00007ff811a7e000 	C:\WINDOWS\SYSTEM32\USERENV.dll
0x00007ffffb7b0000 - 0x00007ffffb994000 	C:\WINDOWS\SYSTEM32\dbghelp.dll
0x00007fffbf800000 - 0x00007fffbfe2b000 	C:\Users\kjmin\PycharmProjects\01Hello\venv\lib\site-packages\tensorflow\python\_pywrap_tfe.pyd
0x00007fffbf240000 - 0x00007fffbf7fa000 	C:\Users\kjmin\PycharmProjects\01Hello\venv\lib\site-packages\tensorflow\python\_pywrap_tf_session.pyd
0x00007ffff3280000 - 0x00007ffff32ac000 	C:\Users\kjmin\PycharmProjects\01Hello\venv\lib\site-packages\tensorflow\python\_tf_stack.pyd
0x00007ffffa350000 - 0x00007ffffa35e000 	C:\Users\kjmin\PycharmProjects\01Hello\venv\lib\site-packages\wrapt\_wrappers.cp38-win_amd64.pyd
0x00007ffff3f50000 - 0x00007ffff3f6d000 	C:\Users\kjmin\PycharmProjects\01Hello\venv\lib\site-packages\tensorflow\python\_pywrap_utils.pyd
0x00007fffcf0f0000 - 0x00007fffcf36c000 	C:\Users\kjmin\PycharmProjects\01Hello\venv\lib\site-packages\tensorflow\python\_pywrap_py_exception_registry.pyd
0x00007ffff30c0000 - 0x00007ffff30d8000 	C:\Users\kjmin\PycharmProjects\01Hello\venv\lib\site-packages\tensorflow\python\_pywrap_bfloat16.pyd
0x00007fffbefc0000 - 0x00007fffbf23c000 	C:\Users\kjmin\PycharmProjects\01Hello\venv\lib\site-packages\tensorflow\python\_dtypes.pyd
0x00007fffbec80000 - 0x00007fffbefbf000 	C:\Users\kjmin\PycharmProjects\01Hello\venv\lib\site-packages\tensorflow\python\profiler\internal\_pywrap_traceme.pyd
0x00007fffbe940000 - 0x00007fffbec7b000 	C:\Users\kjmin\PycharmProjects\01Hello\venv\lib\site-packages\tensorflow\python\_op_def_registry.pyd
0x00007ffff9640000 - 0x00007ffff9649000 	C:\Users\kjmin\AppData\Local\Programs\Python\Python38\DLLs\_queue.pyd
0x00007fffbe600000 - 0x00007fffbe940000 	C:\Users\kjmin\PycharmProjects\01Hello\venv\lib\site-packages\tensorflow\python\_pywrap_events_writer.pyd
0x00007fffbe2b0000 - 0x00007fffbe5fd000 	C:\Users\kjmin\PycharmProjects\01Hello\venv\lib\site-packages\tensorflow\python\_pywrap_file_io.pyd
0x00007fffbdb90000 - 0x00007fffbe2aa000 	C:\Users\kjmin\PycharmProjects\01Hello\venv\lib\site-packages\tensorflow\python\profiler\internal\_pywrap_profiler.pyd
0x00007fffbd830000 - 0x00007fffbdb86000 	C:\Users\kjmin\PycharmProjects\01Hello\venv\lib\site-packages\tensorflow\python\_pywrap_record_io.pyd
0x00007fffbd470000 - 0x00007fffbd824000 	C:\Users\kjmin\PycharmProjects\01Hello\venv\lib\site-packages\tensorflow\python\_pywrap_checkpoint_reader.pyd
0x00007ffff2e20000 - 0x00007ffff2e38000 	C:\Users\kjmin\PycharmProjects\01Hello\venv\lib\site-packages\tensorflow\python\_pywrap_py_func.pyd
0x00007fffbd120000 - 0x00007fffbd461000 	C:\Users\kjmin\PycharmProjects\01Hello\venv\lib\site-packages\tensorflow\python\data\experimental\service\_pywrap_server_lib.pyd
0x00007ffff2e00000 - 0x00007ffff2e18000 	C:\Users\kjmin\PycharmProjects\01Hello\venv\lib\site-packages\tensorflow\python\_pywrap_tf32_execution.pyd
0x00007fffbcde0000 - 0x00007fffbd11b000 	C:\Users\kjmin\PycharmProjects\01Hello\venv\lib\site-packages\tensorflow\python\_pywrap_device_lib.pyd
0x00007ffff27e0000 - 0x00007ffff2807000 	C:\Users\kjmin\AppData\Local\Programs\Python\Python38\DLLs\_ssl.pyd
0x00007fffdc910000 - 0x00007fffdc9bc000 	C:\Users\kjmin\AppData\Local\Programs\Python\Python38\DLLs\libssl-1_1.dll
0x00007ffff2740000 - 0x00007ffff2752000 	C:\Users\kjmin\AppData\Local\Programs\Python\Python38\DLLs\_asyncio.pyd
0x00007ffff9520000 - 0x00007ffff952e000 	C:\Users\kjmin\AppData\Local\Programs\Python\Python38\DLLs\_overlapped.pyd
0x00007ff811300000 - 0x00007ff81136a000 	C:\WINDOWS\system32\mswsock.dll
0x00007ffff2990000 - 0x00007ffff29a1000 	C:\Users\kjmin\PycharmProjects\01Hello\venv\lib\site-packages\h5py\_errors.cp38-win_amd64.pyd
0x00007fffbcae0000 - 0x00007fffbcdd7000 	C:\Users\kjmin\PycharmProjects\01Hello\venv\lib\site-packages\h5py\hdf5.dll
0x00007ffff2970000 - 0x00007ffff298b000 	C:\Users\kjmin\PycharmProjects\01Hello\venv\lib\site-packages\h5py\h5.cp38-win_amd64.pyd
0x00007ffff2940000 - 0x00007ffff2970000 	C:\Users\kjmin\PycharmProjects\01Hello\venv\lib\site-packages\h5py\defs.cp38-win_amd64.pyd
0x00007ffff2710000 - 0x00007ffff2732000 	C:\Users\kjmin\PycharmProjects\01Hello\venv\lib\site-packages\h5py\hdf5_hl.dll
0x00007ffff2810000 - 0x00007ffff2830000 	C:\Users\kjmin\PycharmProjects\01Hello\venv\lib\site-packages\h5py\_objects.cp38-win_amd64.pyd
0x00007ffff26f0000 - 0x00007ffff2705000 	C:\Users\kjmin\PycharmProjects\01Hello\venv\lib\site-packages\h5py\_conv.cp38-win_amd64.pyd
0x00007ffff25e0000 - 0x00007ffff25f5000 	C:\Users\kjmin\PycharmProjects\01Hello\venv\lib\site-packages\h5py\h5r.cp38-win_amd64.pyd
0x00007ffff1a10000 - 0x00007ffff1a77000 	C:\Users\kjmin\PycharmProjects\01Hello\venv\lib\site-packages\h5py\h5t.cp38-win_amd64.pyd
0x00007ffff1370000 - 0x00007ffff1381000 	C:\Users\kjmin\PycharmProjects\01Hello\venv\lib\site-packages\h5py\utils.cp38-win_amd64.pyd
0x00007ffff8ee0000 - 0x00007ffff8eef000 	C:\Users\kjmin\PycharmProjects\01Hello\venv\lib\site-packages\h5py\h5z.cp38-win_amd64.pyd
0x00007ffff1340000 - 0x00007ffff1363000 	C:\Users\kjmin\PycharmProjects\01Hello\venv\lib\site-packages\h5py\h5a.cp38-win_amd64.pyd
0x00007ffff0f00000 - 0x00007ffff0f1d000 	C:\Users\kjmin\PycharmProjects\01Hello\venv\lib\site-packages\h5py\h5s.cp38-win_amd64.pyd
0x00007fffe5c00000 - 0x00007fffe5c56000 	C:\Users\kjmin\PycharmProjects\01Hello\venv\lib\site-packages\h5py\h5p.cp38-win_amd64.pyd
0x00007fffef910000 - 0x00007fffef923000 	C:\Users\kjmin\PycharmProjects\01Hello\venv\lib\site-packages\h5py\h5ac.cp38-win_amd64.pyd
0x00007ffff8e50000 - 0x00007ffff8e5f000 	C:\Users\kjmin\PycharmProjects\01Hello\venv\lib\site-packages\h5py\_proxy.cp38-win_amd64.pyd
0x00007fffee530000 - 0x00007fffee551000 	C:\Users\kjmin\PycharmProjects\01Hello\venv\lib\site-packages\h5py\h5d.cp38-win_amd64.pyd
0x00007fffeef10000 - 0x00007fffeef26000 	C:\Users\kjmin\PycharmProjects\01Hello\venv\lib\site-packages\h5py\h5ds.cp38-win_amd64.pyd
0x00007fffe5a60000 - 0x00007fffe5a82000 	C:\Users\kjmin\PycharmProjects\01Hello\venv\lib\site-packages\h5py\h5f.cp38-win_amd64.pyd
0x00007fffe5850000 - 0x00007fffe5878000 	C:\Users\kjmin\PycharmProjects\01Hello\venv\lib\site-packages\h5py\h5g.cp38-win_amd64.pyd
0x00007fffee4c0000 - 0x00007fffee4d2000 	C:\Users\kjmin\PycharmProjects\01Hello\venv\lib\site-packages\h5py\h5i.cp38-win_amd64.pyd
0x00007fffe5820000 - 0x00007fffe584d000 	C:\Users\kjmin\PycharmProjects\01Hello\venv\lib\site-packages\h5py\h5fd.cp38-win_amd64.pyd
0x00007ffff7f30000 - 0x00007ffff7f3e000 	C:\Users\kjmin\PycharmProjects\01Hello\venv\lib\site-packages\h5py\h5pl.cp38-win_amd64.pyd
0x00007fffee060000 - 0x00007fffee080000 	C:\Users\kjmin\PycharmProjects\01Hello\venv\lib\site-packages\h5py\h5o.cp38-win_amd64.pyd
0x00007fffed970000 - 0x00007fffed98c000 	C:\Users\kjmin\PycharmProjects\01Hello\venv\lib\site-packages\h5py\h5l.cp38-win_amd64.pyd
0x00007fffe4d40000 - 0x00007fffe4e4e000 	C:\Users\kjmin\AppData\Local\Programs\Python\Python38\DLLs\unicodedata.pyd
0x00007ffff7ea0000 - 0x00007ffff7eaa000 	C:\Users\kjmin\AppData\Local\Programs\Python\Python38\DLLs\_multiprocessing.pyd
0x0000000000c20000 - 0x0000000000c48000 	C:\Users\kjmin\PycharmProjects\01Hello\venv\lib\site-packages\scipy\.libs\libansari.R6EA3HQP5KZ6TAXU4Y4ZVTRPT7UVA53Z.gfortran-win_amd64.dll
0x000000006af00000 - 0x000000006afa6000 	C:\Users\kjmin\PycharmProjects\01Hello\venv\lib\site-packages\scipy\.libs\libbanded5x.ZCD4YVWE76FRGRP64SGAP7BX4MU5BEFM.gfortran-win_amd64.dll
0x0000000000c50000 - 0x0000000000e0f000 	C:\Users\kjmin\PycharmProjects\01Hello\venv\lib\site-packages\scipy\.libs\libbispeu.7AH3PCQ2E2NGLC3AQD7FFAH73KGJTZCJ.gfortran-win_amd64.dll
0x0000000064840000 - 0x00000000648e3000 	C:\Users\kjmin\PycharmProjects\01Hello\venv\lib\site-packages\scipy\.libs\libblkdta00.5USURWRMG6FPFEKUZDHXY7U7LNUM2WK6.gfortran-win_amd64.dll
0x000000006dc40000 - 0x000000006dc8a000 	C:\Users\kjmin\PycharmProjects\01Hello\venv\lib\site-packages\scipy\.libs\libchkder.G7WSOGIYYQO3UWFVEZ3PPXCXR53ADVPA.gfortran-win_amd64.dll
0x0000000066f80000 - 0x0000000067021000 	C:\Users\kjmin\PycharmProjects\01Hello\venv\lib\site-packages\scipy\.libs\libcobyla2.25EVUSEBAW7VKISARB7LO3UGZPN2HXE3.gfortran-win_amd64.dll
0x0000000063400000 - 0x0000000063418000 	C:\Users\kjmin\PycharmProjects\01Hello\venv\lib\site-packages\scipy\.libs\libdcsrch.I2AOPDCXAPDRFNPWY55H5UE7XZSU5CVN.gfortran-win_amd64.dll
0x0000000062880000 - 0x000000006289e000 	C:\Users\kjmin\PycharmProjects\01Hello\venv\lib\site-packages\scipy\.libs\libdet.F6RQ4OV2DGIJ2MARDTCBP35QSS4MLVQE.gfortran-win_amd64.dll
0x0000000000e10000 - 0x0000000000f6f000 	C:\Users\kjmin\PycharmProjects\01Hello\venv\lib\site-packages\scipy\.libs\libdfft_sub.U5C2BGSVP4A24TBEJAO6QCQJ2B6LPVGU.gfortran-win_amd64.dll
0x0000000066340000 - 0x00000000664ff000 	C:\Users\kjmin\PycharmProjects\01Hello\venv\lib\site-packages\scipy\.libs\libdfitpack.F5IA373IXQXRMNVIGRAXL6SPJ4PKDPUB.gfortran-win_amd64.dll

dbghelp: loaded successfully - version: 4.0.5 - missing functions: none
symbol engine: initialized successfully - sym options: 0x614 - pdb path: .;C:\Users\kjmin\AppData\Local\Programs\Python\Python38;C:\WINDOWS\SYSTEM32;C:\Users\kjmin\AppData\Local\Programs\Python\Python38\DLLs;C:\Users\kjmin\PycharmProjects\01Hello\venv\lib\site-packages\numpy\.libs;C:\Users\kjmin\PycharmProjects\01Hello\venv\lib\site-packages\numpy\core;C:\Users\kjmin\PycharmProjects\01Hello\venv\lib\site-packages\numpy\linalg;C:\Users\kjmin\PycharmProjects\01Hello\venv\lib\site-packages\numpy\fft;C:\Users\kjmin\PycharmProjects\01Hello\venv\lib\site-packages\numpy\random;C:\Users\kjmin\PycharmProjects\01Hello\venv\lib\site-packages\google\protobuf\internal;C:\Users\kjmin\PycharmProjects\01Hello\venv\lib\site-packages\google\protobuf\pyext;C:\Users\kjmin\PycharmProjects\01Hello\venv\lib\site-packages\tensorflow\python;C:\Users\kjmin\PycharmProjects\01Hello\venv\lib\site-packages\wrapt;C:\Users\kjmin\PycharmProjects\01Hello\venv\lib\site-packages\tensorflow\python\profiler\internal;C:\Users\kjmin\PycharmProjects\01Hello\venv\lib\site-packages\tensorflow\python\data\experimental\service;C:\Users\kjmin\PycharmProjects\01Hello\venv\lib\site-packages\h5py;C:\Users\kjmin\PycharmProjects\01Hello\venv\lib\site-packages\scipy\.libs;C:\Users\kjmin\PycharmProjects\01Hello\venv\lib\site-packages\scipy\_lib;C:\Users\kjmin\PycharmProjects\01Hello\venv\lib\site-packages\scipy\_lib\_uarray;C:\Users\kjmin\PycharmProjects\01Hello\venv\lib\site-packages\scipy\fft\_pocketfft;C:\Users\kjmin\PycharmProjects\01Hello\venv\lib\site-packages\scipy\sparse;C:\Users\kjmin\PycharmProjects\01Hello\venv\lib\site-packages\scipy\sparse\csgraph;C:\Users\kjmin\PycharmProjects\01Hello\venv\lib\site-packages\tensorflow\lite\experimental\microfrontend\python\ops;C:\Users\kjmin\PycharmProjects\01Hello\venv\lib\site-packages\tensorflow\lite\python\interpreter_wrapper;C:\Users\kjmin\PycharmProjects\01Hello\venv\lib\site-packages\PIL;C:\Users\kjmin\PycharmProjects\01Hello\venv\lib\site-packages\scipy\ndimage;C:\Users\kjmin\PycharmProjects\01Hello\venv\lib\site-packages\scipy\linalg;C:\Users\kjmin\PycharmProjects\01Hello\venv\lib\site-packages;C:\Users\kjmin\PycharmProjects\01Hello\venv\lib\site-packages\lxml;C:\Program Files\Java\jdk-17\bin\server;C:\Program Files\Java\jdk-17\bin

VM Arguments:
jvm_args: -Dfile.encoding=UTF8 -ea -Xmx1024m 
java_command: <unknown>
java_class_path (initial): C:\Users\kjmin\PycharmProjects\01Hello\venv\Lib\site-packages\konlpy\java;C:\Users\kjmin\PycharmProjects\01Hello\venv\Lib\site-packages\konlpy\java\bin;C:\Users\kjmin\PycharmProjects\01Hello\venv\Lib\site-packages\konlpy\java\*;C:\Users\kjmin\PycharmProjects\01Hello\venv\Lib\site-packages\konlpy\java\jhannanum-0.8.4.jar;C:\Users\kjmin\PycharmProjects\01Hello\venv\Lib\site-packages\konlpy\java\kkma-2.0.jar;C:\Users\kjmin\PycharmProjects\01Hello\venv\Lib\site-packages\konlpy\java\aho-corasick.jar;C:\Users\kjmin\PycharmProjects\01Hello\venv\Lib\site-packages\konlpy\java\shineware-common-1.0.jar;C:\Users\kjmin\PycharmProjects\01Hello\venv\Lib\site-packages\konlpy\java\shineware-ds-1.0.jar;C:\Users\kjmin\PycharmProjects\01Hello\venv\Lib\site-packages\konlpy\java\komoran-3.0.jar;C:\Users\kjmin\PycharmProjects\01Hello\venv\Lib\site-packages\konlpy\java\snakeyaml-1.12.jar;C:\Users\kjmin\PycharmProjects\01Hello\venv\Lib\site-packages\konlpy\java\scala-library-2.12.3.jar;C:\Users\kjmin\PycharmProjects\01Hello\venv\Lib\site-packages\konlpy\java\open-korean-text-2.1.0.jar;C:\Users\kjmin\PycharmProjects\01Hello\venv\Lib\site-packages\konlpy\java\twitter-text-1.14.7.jar;C:\Users\kjmin\PycharmProjects\01Hello\venv\Lib\site-packages\konlpy\java\*
Launcher Type: generic

[Global flags]
     intx CICompilerCount                          = 12                                        {product} {ergonomic}
     uint ConcGCThreads                            = 5                                         {product} {ergonomic}
     uint G1ConcRefinementThreads                  = 18                                        {product} {ergonomic}
   size_t G1HeapRegionSize                         = 1048576                                   {product} {ergonomic}
    uintx GCDrainStackTargetSize                   = 64                                        {product} {ergonomic}
   size_t InitialHeapSize                          = 1073741824                                {product} {ergonomic}
   size_t MarkStackSize                            = 4194304                                   {product} {ergonomic}
   size_t MaxHeapSize                              = 1073741824                                {product} {command line}
   size_t MaxNewSize                               = 643825664                                 {product} {ergonomic}
   size_t MinHeapDeltaBytes                        = 1048576                                   {product} {ergonomic}
   size_t MinHeapSize                              = 8388608                                   {product} {ergonomic}
    uintx NonNMethodCodeHeapSize                   = 7602480                                {pd product} {ergonomic}
    uintx NonProfiledCodeHeapSize                  = 122027880                              {pd product} {ergonomic}
    uintx ProfiledCodeHeapSize                     = 122027880                              {pd product} {ergonomic}
    uintx ReservedCodeCacheSize                    = 251658240                              {pd product} {ergonomic}
     bool SegmentedCodeCache                       = true                                      {product} {ergonomic}
   size_t SoftMaxHeapSize                          = 1073741824                             {manageable} {ergonomic}
     bool UseCompressedClassPointers               = true                           {product lp64_product} {ergonomic}
     bool UseCompressedOops                        = true                           {product lp64_product} {ergonomic}
     bool UseG1GC                                  = true                                      {product} {ergonomic}
     bool UseLargePagesIndividualAllocation        = false                                  {pd product} {ergonomic}

Logging:
Log output configuration:
 #0: stdout all=warning uptime,level,tags
 #1: stderr all=off uptime,level,tags

Environment Variables:
JAVA_HOME=C:\Program Files\Java\jdk-17\bin
PATH=C:\Users\kjmin\PycharmProjects\01Hello\venv\Scripts;C:\Program Files\Common Files\Oracle\Java\javapath;C:\WINDOWS\system32;C:\WINDOWS;C:\WINDOWS\System32\Wbem;C:\WINDOWS\System32\WindowsPowerShell\v1.0\;C:\WINDOWS\System32\OpenSSH\;C:\APM_Setup\Server\Apache\bin;C:\APM_Setup\Server\MySQL5\bin;C:\APM_Setup\Server\PHP5;C:\Program Files\Git\cmd;C:\Users\kjmin\AppData\Local\Microsoft\WindowsApps;C:\Users\kjmin\PycharmProjects\01Hello\venv\lib\site-packages\scipy\.libs
USERNAME=kjmin
OS=Windows_NT
PROCESSOR_IDENTIFIER=AMD64 Family 25 Model 33 Stepping 0, AuthenticAMD



---------------  S Y S T E M  ---------------

OS:
 Windows 10 , 64 bit Build 19041 (10.0.19041.1348)
OS uptime: 6 days 21:40 hours

CPU: total 24 (initial active 24) (24 cores per cpu, 2 threads per core) family 25 model 33 stepping 0 microcode 0x0, cx8, cmov, fxsr, ht, mmx, 3dnowpref, sse, sse2, sse3, ssse3, sse4a, sse4.1, sse4.2, popcnt, lzcnt, tsc, tscinvbit, avx, avx2, aes, erms, clmul, bmi1, bmi2, adx, sha, fma, vzeroupper, clflush, clflushopt

Memory: 4k page, system-wide physical 65439M (53052M free)
TotalPageFile size 75167M (AvailPageFile size 56638M)
current process WorkingSet (physical memory assigned to process): 835M, peak: 835M
current process commit charge ("private bytes"): 2507M, peak: 3048M

vm_info: Java HotSpot(TM) 64-Bit Server VM (17+35-LTS-2724) for windows-amd64 JRE (17+35-LTS-2724), built on Aug  5 2021 23:28:28 by "mach5one" with MS VC++ 16.8 (VS2019)

END.
